[ 2017-03-08T20:02:25+08:00 ] ::1 /user/user/login
INFO: [ app_init ] --START--
INFO: Run Behavior\BuildLiteBehavior [ RunTime:0.000000s ]
INFO: [ app_init ] --END-- [ RunTime:0.001000s ]
INFO: [ app_begin ] --START--
INFO: Run Behavior\ReadHtmlCacheBehavior [ RunTime:0.002000s ]
INFO: [ app_begin ] --END-- [ RunTime:0.002000s ]
SQL: SHOW COLUMNS FROM `t_user` [ RunTime:0.0040s ]
SQL: SET NAMES utf8 [ RunTime:0.0000s ]
SQL: select * from  t_user where user_name= 123 and  user_pass =123 [ RunTime:0.0030s ]

[ 2017-03-08T20:02:32+08:00 ] ::1 /user/user/logout
INFO: [ app_init ] --START--
INFO: Run Behavior\BuildLiteBehavior [ RunTime:0.000000s ]
INFO: [ app_init ] --END-- [ RunTime:0.000000s ]
INFO: [ app_begin ] --START--
INFO: Run Behavior\ReadHtmlCacheBehavior [ RunTime:0.002000s ]
INFO: [ app_begin ] --END-- [ RunTime:0.002000s ]
SQL: SHOW COLUMNS FROM `t_user` [ RunTime:0.0030s ]

[ 2017-03-08T20:05:07+08:00 ] ::1 /user/user/login
INFO: [ app_init ] --START--
INFO: Run Behavior\BuildLiteBehavior [ RunTime:0.000000s ]
INFO: [ app_init ] --END-- [ RunTime:0.001000s ]
INFO: [ app_begin ] --START--
INFO: Run Behavior\ReadHtmlCacheBehavior [ RunTime:0.001000s ]
INFO: [ app_begin ] --END-- [ RunTime:0.001000s ]
SQL: SHOW COLUMNS FROM `t_user` [ RunTime:0.0030s ]
SQL: SET NAMES utf8 [ RunTime:0.0010s ]
SQL: select * from  t_user where user_name= 123 and  user_pass =123 [ RunTime:0.0010s ]

[ 2017-03-08T20:16:53+08:00 ] ::1 /user/user/logout
INFO: [ app_init ] --START--
INFO: Run Behavior\BuildLiteBehavior [ RunTime:0.000000s ]
INFO: [ app_init ] --END-- [ RunTime:0.001000s ]
INFO: [ app_begin ] --START--
INFO: Run Behavior\ReadHtmlCacheBehavior [ RunTime:0.001000s ]
INFO: [ app_begin ] --END-- [ RunTime:0.002000s ]
SQL: SHOW COLUMNS FROM `t_user` [ RunTime:0.0020s ]

[ 2017-03-08T20:17:15+08:00 ] ::1 /user/user/login
INFO: [ app_init ] --START--
INFO: Run Behavior\BuildLiteBehavior [ RunTime:0.000000s ]
INFO: [ app_init ] --END-- [ RunTime:0.001000s ]
INFO: [ app_begin ] --START--
INFO: Run Behavior\ReadHtmlCacheBehavior [ RunTime:0.001000s ]
INFO: [ app_begin ] --END-- [ RunTime:0.001000s ]
SQL: SHOW COLUMNS FROM `t_user` [ RunTime:0.0020s ]
SQL: SET NAMES utf8 [ RunTime:0.0000s ]
SQL: select * from  t_user where user_name= 123 and  user_pass =123 [ RunTime:0.0010s ]
NOTIC: [8] Undefined index: id C:\wamp\www\Application\User\Controller\UserController.class.php 第 38 行.

[ 2017-03-08T20:30:03+08:00 ] ::1 /user/user/logout
INFO: [ app_init ] --START--
INFO: Run Behavior\BuildLiteBehavior [ RunTime:0.000000s ]
INFO: [ app_init ] --END-- [ RunTime:0.002000s ]
INFO: [ app_begin ] --START--
INFO: Run Behavior\ReadHtmlCacheBehavior [ RunTime:0.002000s ]
INFO: [ app_begin ] --END-- [ RunTime:0.002000s ]
SQL: SHOW COLUMNS FROM `t_user` [ RunTime:0.0040s ]

[ 2017-03-08T20:30:09+08:00 ] ::1 /user/user/login
INFO: [ app_init ] --START--
INFO: Run Behavior\BuildLiteBehavior [ RunTime:0.000000s ]
INFO: [ app_init ] --END-- [ RunTime:0.000000s ]
INFO: [ app_begin ] --START--
INFO: Run Behavior\ReadHtmlCacheBehavior [ RunTime:0.000000s ]
INFO: [ app_begin ] --END-- [ RunTime:0.000000s ]
SQL: SHOW COLUMNS FROM `t_user` [ RunTime:0.0030s ]
SQL: SET NAMES utf8 [ RunTime:0.0000s ]
SQL: select * from  t_user where user_name= 123 and  user_pass =123 [ RunTime:0.0010s ]
NOTIC: [8] Undefined index: id C:\wamp\www\Application\User\Controller\UserController.class.php 第 38 行.
NOTIC: [8] Undefined index: id C:\wamp\www\Application\User\Controller\UserController.class.php 第 39 行.

[ 2017-03-08T20:33:05+08:00 ] ::1 /user/user/logout
INFO: [ app_init ] --START--
INFO: Run Behavior\BuildLiteBehavior [ RunTime:0.000000s ]
INFO: [ app_init ] --END-- [ RunTime:0.001000s ]
INFO: [ app_begin ] --START--
INFO: Run Behavior\ReadHtmlCacheBehavior [ RunTime:0.002000s ]
INFO: [ app_begin ] --END-- [ RunTime:0.003000s ]
SQL: SHOW COLUMNS FROM `t_user` [ RunTime:0.0030s ]

[ 2017-03-08T20:33:11+08:00 ] ::1 /user/user/login
INFO: [ app_init ] --START--
INFO: Run Behavior\BuildLiteBehavior [ RunTime:0.000000s ]
INFO: [ app_init ] --END-- [ RunTime:0.001000s ]
INFO: [ app_begin ] --START--
INFO: Run Behavior\ReadHtmlCacheBehavior [ RunTime:0.001000s ]
INFO: [ app_begin ] --END-- [ RunTime:0.001000s ]
SQL: SHOW COLUMNS FROM `t_user` [ RunTime:0.0020s ]
SQL: SET NAMES utf8 [ RunTime:0.0000s ]
SQL: select * from  t_user where user_name= 123 and  user_pass =123 [ RunTime:0.0000s ]

