[ 2017-03-09T11:51:50+08:00 ] 127.0.0.1 /product/item/uploadeditorimg?action=config&&noCache=1489031510898
INFO: [ app_init ] --START--
INFO: Run Behavior\BuildLiteBehavior [ RunTime:0.000000s ]
INFO: [ app_init ] --END-- [ RunTime:0.000000s ]
ERR: 无法加载模块:Product

[ 2017-03-09T11:51:56+08:00 ] 127.0.0.1 /product/item/uploadeditorimg?action=&start=0&noCache=1489031516613
INFO: [ app_init ] --START--
INFO: Run Behavior\BuildLiteBehavior [ RunTime:0.000000s ]
INFO: [ app_init ] --END-- [ RunTime:0.001000s ]
ERR: 无法加载模块:Product

[ 2017-03-09T11:52:28+08:00 ] 127.0.0.1 /product/item/uploadeditorimg?action=config&&noCache=1489031548186
INFO: [ app_init ] --START--
INFO: Run Behavior\BuildLiteBehavior [ RunTime:0.000000s ]
INFO: [ app_init ] --END-- [ RunTime:0.001000s ]
ERR: 无法加载模块:Product

[ 2017-03-09T12:16:39+08:00 ] 127.0.0.1 /product/item/uploadeditorimg?action=config&&noCache=1489032999288
INFO: [ app_init ] --START--
INFO: Run Behavior\BuildLiteBehavior [ RunTime:0.000000s ]
INFO: [ app_init ] --END-- [ RunTime:0.001000s ]
ERR: 无法加载模块:Product

[ 2017-03-09T13:41:19+08:00 ] 127.0.0.1 /product/item/uploadeditorimg?action=config&&noCache=1489038079229
INFO: [ app_init ] --START--
INFO: Run Behavior\BuildLiteBehavior [ RunTime:0.000000s ]
INFO: [ app_init ] --END-- [ RunTime:0.001000s ]
ERR: 无法加载模块:Product

[ 2017-03-09T13:41:20+08:00 ] 127.0.0.1 /product/item/uploadeditorimg?action=config&&noCache=1489038080111
INFO: [ app_init ] --START--
INFO: Run Behavior\BuildLiteBehavior [ RunTime:0.000000s ]
INFO: [ app_init ] --END-- [ RunTime:0.000000s ]
ERR: 无法加载模块:Product

[ 2017-03-09T14:01:34+08:00 ] 127.0.0.1 /product/item/uploadeditorimg?action=config&&noCache=1489039294379
INFO: [ app_init ] --START--
INFO: Run Behavior\BuildLiteBehavior [ RunTime:0.000000s ]
INFO: [ app_init ] --END-- [ RunTime:0.000000s ]
ERR: 无法加载模块:Product

[ 2017-03-09T14:03:44+08:00 ] 127.0.0.1 /product/item/uploadeditorimg?action=config&&noCache=1489039424656
INFO: [ app_init ] --START--
INFO: Run Behavior\BuildLiteBehavior [ RunTime:0.000000s ]
INFO: [ app_init ] --END-- [ RunTime:0.001000s ]
ERR: 无法加载模块:Product

[ 2017-03-09T14:47:36+08:00 ] ::1 /favicon.ico
INFO: [ app_init ] --START--
INFO: Run Behavior\BuildLiteBehavior [ RunTime:0.000000s ]
INFO: [ app_init ] --END-- [ RunTime:0.000500s ]
ERR: 无法加载模块:Favicon

[ 2017-03-09T15:37:34+08:00 ] 127.0.0.1 /res/articleimg/gd_58c1063e9d82e.png
INFO: [ app_init ] --START--
INFO: Run Behavior\BuildLiteBehavior [ RunTime:0.000000s ]
INFO: [ app_init ] --END-- [ RunTime:0.000501s ]
ERR: 无法加载模块:Res

[ 2017-03-09T15:37:40+08:00 ] 127.0.0.1 /res/articleimg/gd_58c1063e9d82e.png
INFO: [ app_init ] --START--
INFO: Run Behavior\BuildLiteBehavior [ RunTime:0.000000s ]
INFO: [ app_init ] --END-- [ RunTime:0.001000s ]
ERR: 无法加载模块:Res

[ 2017-03-09T15:37:51+08:00 ] 127.0.0.1 /res/articleimg/gd_58c1063e9d82e.png
INFO: [ app_init ] --START--
INFO: Run Behavior\BuildLiteBehavior [ RunTime:0.000000s ]
INFO: [ app_init ] --END-- [ RunTime:0.000000s ]
ERR: 无法加载模块:Res

[ 2017-03-09T15:38:01+08:00 ] 127.0.0.1 /res/articleimg/gd_58c1063e9d82e.png
INFO: [ app_init ] --START--
INFO: Run Behavior\BuildLiteBehavior [ RunTime:0.000000s ]
INFO: [ app_init ] --END-- [ RunTime:0.001000s ]
ERR: 无法加载模块:Res

[ 2017-03-09T15:38:03+08:00 ] 127.0.0.1 /res/articleimg/gd_58c1063e9d82e.png
INFO: [ app_init ] --START--
INFO: Run Behavior\BuildLiteBehavior [ RunTime:0.000000s ]
INFO: [ app_init ] --END-- [ RunTime:0.001000s ]
ERR: 无法加载模块:Res

[ 2017-03-09T15:38:16+08:00 ] 127.0.0.1 /res/articleimg/gd_58c1063e9d82e.png
INFO: [ app_init ] --START--
INFO: Run Behavior\BuildLiteBehavior [ RunTime:0.000000s ]
INFO: [ app_init ] --END-- [ RunTime:0.001000s ]
ERR: 无法加载模块:Res

[ 2017-03-09T15:38:49+08:00 ] 127.0.0.1 /res/articleimg/gd_58c1063e9d82e.png
INFO: [ app_init ] --START--
INFO: Run Behavior\BuildLiteBehavior [ RunTime:0.000000s ]
INFO: [ app_init ] --END-- [ RunTime:0.000000s ]
ERR: 无法加载模块:Res

[ 2017-03-09T15:38:52+08:00 ] 127.0.0.1 /res/articleimg/gd_58c1063e9d82e.png
INFO: [ app_init ] --START--
INFO: Run Behavior\BuildLiteBehavior [ RunTime:0.000000s ]
INFO: [ app_init ] --END-- [ RunTime:0.000000s ]
ERR: 无法加载模块:Res

[ 2017-03-09T15:38:59+08:00 ] 127.0.0.1 /res/articleimg/gd_58c1063e9d82e.png
INFO: [ app_init ] --START--
INFO: Run Behavior\BuildLiteBehavior [ RunTime:0.000000s ]
INFO: [ app_init ] --END-- [ RunTime:0.001000s ]
ERR: 无法加载模块:Res

[ 2017-03-09T15:39:10+08:00 ] 127.0.0.1 /res/articleimg/gd_58c1063e9d82e.png
INFO: [ app_init ] --START--
INFO: Run Behavior\BuildLiteBehavior [ RunTime:0.000000s ]
INFO: [ app_init ] --END-- [ RunTime:0.001000s ]
ERR: 无法加载模块:Res

[ 2017-03-09T15:39:10+08:00 ] 127.0.0.1 /res/articleimg/gd_58c1063e9d82e.png
INFO: [ app_init ] --START--
INFO: Run Behavior\BuildLiteBehavior [ RunTime:0.000000s ]
INFO: [ app_init ] --END-- [ RunTime:0.001000s ]
ERR: 无法加载模块:Res

[ 2017-03-09T15:39:15+08:00 ] 127.0.0.1 /res/articleimg/gd_58c1063e9d82e.png
INFO: [ app_init ] --START--
INFO: Run Behavior\BuildLiteBehavior [ RunTime:0.001000s ]
INFO: [ app_init ] --END-- [ RunTime:0.002000s ]
ERR: 无法加载模块:Res

[ 2017-03-09T15:39:16+08:00 ] 127.0.0.1 /res/articleimg/gd_58c1063e9d82e.png
INFO: [ app_init ] --START--
INFO: Run Behavior\BuildLiteBehavior [ RunTime:0.000000s ]
INFO: [ app_init ] --END-- [ RunTime:0.000000s ]
ERR: 无法加载模块:Res

[ 2017-03-09T15:39:16+08:00 ] 127.0.0.1 /res/articleimg/gd_58c1063e9d82e.png
INFO: [ app_init ] --START--
INFO: Run Behavior\BuildLiteBehavior [ RunTime:0.000000s ]
INFO: [ app_init ] --END-- [ RunTime:0.000000s ]
ERR: 无法加载模块:Res

[ 2017-03-09T15:39:40+08:00 ] 127.0.0.1 /res/articleimg/gd_58c1063e9d82e.png
INFO: [ app_init ] --START--
INFO: Run Behavior\BuildLiteBehavior [ RunTime:0.000000s ]
INFO: [ app_init ] --END-- [ RunTime:0.003001s ]
ERR: 无法加载模块:Res

[ 2017-03-09T15:39:42+08:00 ] 127.0.0.1 /res/articleimg/gd_58c1063e9d82e.png
INFO: [ app_init ] --START--
INFO: Run Behavior\BuildLiteBehavior [ RunTime:0.000000s ]
INFO: [ app_init ] --END-- [ RunTime:0.002000s ]
ERR: 无法加载模块:Res

[ 2017-03-09T15:39:42+08:00 ] 127.0.0.1 /res/articleimg/gd_58c1063e9d82e.png
INFO: [ app_init ] --START--
INFO: Run Behavior\BuildLiteBehavior [ RunTime:0.000000s ]
INFO: [ app_init ] --END-- [ RunTime:0.000000s ]
ERR: 无法加载模块:Res

[ 2017-03-09T15:39:43+08:00 ] 127.0.0.1 /res/articleimg/gd_58c1063e9d82e.png
INFO: [ app_init ] --START--
INFO: Run Behavior\BuildLiteBehavior [ RunTime:0.000000s ]
INFO: [ app_init ] --END-- [ RunTime:0.000000s ]
ERR: 无法加载模块:Res

[ 2017-03-09T15:39:49+08:00 ] 127.0.0.1 /res/articleimg/gd_58c1063e9d82e.png
INFO: [ app_init ] --START--
INFO: Run Behavior\BuildLiteBehavior [ RunTime:0.000000s ]
INFO: [ app_init ] --END-- [ RunTime:0.001000s ]
ERR: 无法加载模块:Res

[ 2017-03-09T15:39:49+08:00 ] 127.0.0.1 /res/articleimg/gd_58c1063e9d82e.png
INFO: [ app_init ] --START--
INFO: Run Behavior\BuildLiteBehavior [ RunTime:0.000000s ]
INFO: [ app_init ] --END-- [ RunTime:0.000000s ]
ERR: 无法加载模块:Res

[ 2017-03-09T15:39:50+08:00 ] 127.0.0.1 /res/articleimg/gd_58c1063e9d82e.png
INFO: [ app_init ] --START--
INFO: Run Behavior\BuildLiteBehavior [ RunTime:0.000000s ]
INFO: [ app_init ] --END-- [ RunTime:0.001000s ]
ERR: 无法加载模块:Res

[ 2017-03-09T15:40:01+08:00 ] 127.0.0.1 /res/articleimg/gd_58c1063e9d82e.png
INFO: [ app_init ] --START--
INFO: Run Behavior\BuildLiteBehavior [ RunTime:0.000500s ]
INFO: [ app_init ] --END-- [ RunTime:0.002000s ]
ERR: 无法加载模块:Res

[ 2017-03-09T15:40:04+08:00 ] 127.0.0.1 /res/articleimg/gd_58c1063e9d82e.png
INFO: [ app_init ] --START--
INFO: Run Behavior\BuildLiteBehavior [ RunTime:0.000000s ]
INFO: [ app_init ] --END-- [ RunTime:0.001000s ]
ERR: 无法加载模块:Res

[ 2017-03-09T15:40:10+08:00 ] 127.0.0.1 /res/articleimg/gd_58c1063e9d82e.png
INFO: [ app_init ] --START--
INFO: Run Behavior\BuildLiteBehavior [ RunTime:0.000000s ]
INFO: [ app_init ] --END-- [ RunTime:0.000500s ]
ERR: 无法加载模块:Res

[ 2017-03-09T15:40:59+08:00 ] 127.0.0.1 /res/articleimg/gd_58c1063e9d82e.png
INFO: [ app_init ] --START--
INFO: Run Behavior\BuildLiteBehavior [ RunTime:0.000000s ]
INFO: [ app_init ] --END-- [ RunTime:0.001000s ]
ERR: 无法加载模块:Res

[ 2017-03-09T15:43:49+08:00 ] 127.0.0.1 /res/articleimg/gd_58c107b5298e6.png
INFO: [ app_init ] --START--
INFO: Run Behavior\BuildLiteBehavior [ RunTime:0.000000s ]
INFO: [ app_init ] --END-- [ RunTime:0.001000s ]
ERR: 无法加载模块:Res

[ 2017-03-09T15:43:57+08:00 ] 127.0.0.1 /res/articleimg/gd_58c107b5298e6.png
INFO: [ app_init ] --START--
INFO: Run Behavior\BuildLiteBehavior [ RunTime:0.000000s ]
INFO: [ app_init ] --END-- [ RunTime:0.001000s ]
ERR: 无法加载模块:Res

[ 2017-03-09T15:46:08+08:00 ] 127.0.0.1 /res/articleimg/gd_58c107b5298e6.png
INFO: [ app_init ] --START--
INFO: Run Behavior\BuildLiteBehavior [ RunTime:0.000000s ]
INFO: [ app_init ] --END-- [ RunTime:0.000500s ]
ERR: 无法加载模块:Res

[ 2017-03-09T15:46:15+08:00 ] 127.0.0.1 /res/articleimg/gd_58c1084767015.png
INFO: [ app_init ] --START--
INFO: Run Behavior\BuildLiteBehavior [ RunTime:0.000000s ]
INFO: [ app_init ] --END-- [ RunTime:0.001000s ]
ERR: 无法加载模块:Res

[ 2017-03-09T15:46:16+08:00 ] 127.0.0.1 /res/articleimg/gd_58c1084767015.png
INFO: [ app_init ] --START--
INFO: Run Behavior\BuildLiteBehavior [ RunTime:0.000000s ]
INFO: [ app_init ] --END-- [ RunTime:0.001000s ]
ERR: 无法加载模块:Res

[ 2017-03-09T15:46:22+08:00 ] 127.0.0.1 /res/articleimg/gd_58c1084767015.png
INFO: [ app_init ] --START--
INFO: Run Behavior\BuildLiteBehavior [ RunTime:0.000000s ]
INFO: [ app_init ] --END-- [ RunTime:0.001000s ]
ERR: 无法加载模块:Res

[ 2017-03-09T15:46:22+08:00 ] 127.0.0.1 /res/articleimg/gd_58c1084767015.png
INFO: [ app_init ] --START--
INFO: Run Behavior\BuildLiteBehavior [ RunTime:0.000000s ]
INFO: [ app_init ] --END-- [ RunTime:0.000000s ]
ERR: 无法加载模块:Res

[ 2017-03-09T15:46:28+08:00 ] 127.0.0.1 /res/articleimg/gd_58c1084767015.png
INFO: [ app_init ] --START--
INFO: Run Behavior\BuildLiteBehavior [ RunTime:0.000000s ]
INFO: [ app_init ] --END-- [ RunTime:0.001000s ]
ERR: 无法加载模块:Res

[ 2017-03-09T15:46:29+08:00 ] 127.0.0.1 /res/articleimg/gd_58c1084767015.png
INFO: [ app_init ] --START--
INFO: Run Behavior\BuildLiteBehavior [ RunTime:0.000000s ]
INFO: [ app_init ] --END-- [ RunTime:0.000000s ]
ERR: 无法加载模块:Res

[ 2017-03-09T15:47:01+08:00 ] 127.0.0.1 /res/articleimg/gd_58c1084767015.png
INFO: [ app_init ] --START--
INFO: Run Behavior\BuildLiteBehavior [ RunTime:0.001000s ]
INFO: [ app_init ] --END-- [ RunTime:0.003000s ]
ERR: 无法加载模块:Res

[ 2017-03-09T15:49:00+08:00 ] 127.0.0.1 /res/articleimg/gd_58c1084767015.png
INFO: [ app_init ] --START--
INFO: Run Behavior\BuildLiteBehavior [ RunTime:0.000000s ]
INFO: [ app_init ] --END-- [ RunTime:0.000500s ]
ERR: 无法加载模块:Res

[ 2017-03-09T15:52:00+08:00 ] 127.0.0.1 /res/articleimg/gd_58c1084767015.png
INFO: [ app_init ] --START--
INFO: Run Behavior\BuildLiteBehavior [ RunTime:0.000000s ]
INFO: [ app_init ] --END-- [ RunTime:0.000500s ]
ERR: 无法加载模块:Res

[ 2017-03-09T15:52:02+08:00 ] 127.0.0.1 /res/articleimg/gd_58c1084767015.png
INFO: [ app_init ] --START--
INFO: Run Behavior\BuildLiteBehavior [ RunTime:0.000000s ]
INFO: [ app_init ] --END-- [ RunTime:0.000000s ]
ERR: 无法加载模块:Res

[ 2017-03-09T15:52:03+08:00 ] 127.0.0.1 /res/articleimg/gd_58c1084767015.png
INFO: [ app_init ] --START--
INFO: Run Behavior\BuildLiteBehavior [ RunTime:0.000000s ]
INFO: [ app_init ] --END-- [ RunTime:0.001000s ]
ERR: 无法加载模块:Res

[ 2017-03-09T15:52:15+08:00 ] 127.0.0.1 /res/articleimg/gd_58c1084767015.png
INFO: [ app_init ] --START--
INFO: Run Behavior\BuildLiteBehavior [ RunTime:0.000000s ]
INFO: [ app_init ] --END-- [ RunTime:0.001000s ]
ERR: 无法加载模块:Res

[ 2017-03-09T16:05:05+08:00 ] 127.0.0.1 /res/articleimg/gd_58c10cb1591ec.png
INFO: [ app_init ] --START--
INFO: Run Behavior\BuildLiteBehavior [ RunTime:0.000000s ]
INFO: [ app_init ] --END-- [ RunTime:0.001000s ]
ERR: 无法加载模块:Res

[ 2017-03-09T16:05:06+08:00 ] 127.0.0.1 /res/articleimg/gd_58c10cb1591ec.png
INFO: [ app_init ] --START--
INFO: Run Behavior\BuildLiteBehavior [ RunTime:0.000000s ]
INFO: [ app_init ] --END-- [ RunTime:0.001000s ]
ERR: 无法加载模块:Res

[ 2017-03-09T16:05:06+08:00 ] 127.0.0.1 /res/articleimg/gd_58c10cb1591ec.png
INFO: [ app_init ] --START--
INFO: Run Behavior\BuildLiteBehavior [ RunTime:0.000000s ]
INFO: [ app_init ] --END-- [ RunTime:0.001000s ]
ERR: 无法加载模块:Res

[ 2017-03-09T16:05:13+08:00 ] 127.0.0.1 /res/articleimg/gd_58c10cb1591ec.png
INFO: [ app_init ] --START--
INFO: Run Behavior\BuildLiteBehavior [ RunTime:0.000000s ]
INFO: [ app_init ] --END-- [ RunTime:0.000500s ]
ERR: 无法加载模块:Res

[ 2017-03-09T16:05:26+08:00 ] 127.0.0.1 /res/articleimg/gd_58c10cb1591ec.png
INFO: [ app_init ] --START--
INFO: Run Behavior\BuildLiteBehavior [ RunTime:0.000000s ]
INFO: [ app_init ] --END-- [ RunTime:0.001000s ]
ERR: 无法加载模块:Res

[ 2017-03-09T16:05:27+08:00 ] 127.0.0.1 /res/articleimg/gd_58c10cb1591ec.png
INFO: [ app_init ] --START--
INFO: Run Behavior\BuildLiteBehavior [ RunTime:0.000000s ]
INFO: [ app_init ] --END-- [ RunTime:0.000000s ]
ERR: 无法加载模块:Res

[ 2017-03-09T16:05:32+08:00 ] 127.0.0.1 /res/articleimg/gd_58c10cb1591ec.png
INFO: [ app_init ] --START--
INFO: Run Behavior\BuildLiteBehavior [ RunTime:0.000000s ]
INFO: [ app_init ] --END-- [ RunTime:0.001000s ]
ERR: 无法加载模块:Res

[ 2017-03-09T16:13:12+08:00 ] 127.0.0.1 /res/articleimg/gd_58c10e989e73f.png
INFO: [ app_init ] --START--
INFO: Run Behavior\BuildLiteBehavior [ RunTime:0.000000s ]
INFO: [ app_init ] --END-- [ RunTime:0.001000s ]
ERR: 无法加载模块:Res

[ 2017-03-09T16:13:20+08:00 ] 127.0.0.1 /res/articleimg/gd_58c10e989e73f.png
INFO: [ app_init ] --START--
INFO: Run Behavior\BuildLiteBehavior [ RunTime:0.000000s ]
INFO: [ app_init ] --END-- [ RunTime:0.001000s ]
ERR: 无法加载模块:Res

[ 2017-03-09T16:15:08+08:00 ] 127.0.0.1 /res/articleimg/gd_58c10e989e73f.png
INFO: [ app_init ] --START--
INFO: Run Behavior\BuildLiteBehavior [ RunTime:0.000000s ]
INFO: [ app_init ] --END-- [ RunTime:0.000000s ]
ERR: 无法加载模块:Res

[ 2017-03-09T16:18:02+08:00 ] 127.0.0.1 /res/articleimg/gd_58c10e989e73f.png
INFO: [ app_init ] --START--
INFO: Run Behavior\BuildLiteBehavior [ RunTime:0.000000s ]
INFO: [ app_init ] --END-- [ RunTime:0.000500s ]
ERR: 无法加载模块:Res

[ 2017-03-09T16:18:07+08:00 ] 127.0.0.1 /res/articleimg/gd_58c10e989e73f.png
INFO: [ app_init ] --START--
INFO: Run Behavior\BuildLiteBehavior [ RunTime:0.000000s ]
INFO: [ app_init ] --END-- [ RunTime:0.000000s ]
ERR: 无法加载模块:Res

[ 2017-03-09T16:18:10+08:00 ] 127.0.0.1 /res/articleimg/gd_58c10e989e73f.png
INFO: [ app_init ] --START--
INFO: Run Behavior\BuildLiteBehavior [ RunTime:0.000000s ]
INFO: [ app_init ] --END-- [ RunTime:0.001000s ]
ERR: 无法加载模块:Res

[ 2017-03-09T16:23:09+08:00 ] 127.0.0.1 /res/articleimg/gd_58c110ecd4f7a.png
INFO: [ app_init ] --START--
INFO: Run Behavior\BuildLiteBehavior [ RunTime:0.000000s ]
INFO: [ app_init ] --END-- [ RunTime:0.001000s ]
ERR: 无法加载模块:Res

[ 2017-03-09T16:23:18+08:00 ] 127.0.0.1 /res/articleimg/gd_58c110ecd4f7a.png
INFO: [ app_init ] --START--
INFO: Run Behavior\BuildLiteBehavior [ RunTime:0.000500s ]
INFO: [ app_init ] --END-- [ RunTime:0.002001s ]
ERR: 无法加载模块:Res

[ 2017-03-09T16:23:18+08:00 ] 127.0.0.1 /res/articleimg/gd_58c110ecd4f7a.png
INFO: [ app_init ] --START--
INFO: Run Behavior\BuildLiteBehavior [ RunTime:0.000000s ]
INFO: [ app_init ] --END-- [ RunTime:0.000000s ]
ERR: 无法加载模块:Res

[ 2017-03-09T16:23:18+08:00 ] 127.0.0.1 /res/articleimg/gd_58c110ecd4f7a.png
INFO: [ app_init ] --START--
INFO: Run Behavior\BuildLiteBehavior [ RunTime:0.000000s ]
INFO: [ app_init ] --END-- [ RunTime:0.001000s ]
ERR: 无法加载模块:Res

[ 2017-03-09T16:23:53+08:00 ] 127.0.0.1 /res/articleimg/gd_58c110ecd4f7a.png
INFO: [ app_init ] --START--
INFO: Run Behavior\BuildLiteBehavior [ RunTime:0.000000s ]
INFO: [ app_init ] --END-- [ RunTime:0.001000s ]
ERR: 无法加载模块:Res

[ 2017-03-09T16:23:55+08:00 ] 127.0.0.1 /res/articleimg/gd_58c110ecd4f7a.png
INFO: [ app_init ] --START--
INFO: Run Behavior\BuildLiteBehavior [ RunTime:0.001000s ]
INFO: [ app_init ] --END-- [ RunTime:0.001000s ]
ERR: 无法加载模块:Res

[ 2017-03-09T16:23:57+08:00 ] 127.0.0.1 /res/articleimg/gd_58c110ecd4f7a.png
INFO: [ app_init ] --START--
INFO: Run Behavior\BuildLiteBehavior [ RunTime:0.000000s ]
INFO: [ app_init ] --END-- [ RunTime:0.001000s ]
ERR: 无法加载模块:Res

[ 2017-03-09T16:23:57+08:00 ] 127.0.0.1 /res/articleimg/gd_58c110ecd4f7a.png
INFO: [ app_init ] --START--
INFO: Run Behavior\BuildLiteBehavior [ RunTime:0.000000s ]
INFO: [ app_init ] --END-- [ RunTime:0.001000s ]
ERR: 无法加载模块:Res

[ 2017-03-09T16:24:00+08:00 ] 127.0.0.1 /res/articleimg/gd_58c110ecd4f7a.png
INFO: [ app_init ] --START--
INFO: Run Behavior\BuildLiteBehavior [ RunTime:0.000000s ]
INFO: [ app_init ] --END-- [ RunTime:0.000500s ]
ERR: 无法加载模块:Res

[ 2017-03-09T16:24:01+08:00 ] 127.0.0.1 /res/articleimg/gd_58c110ecd4f7a.png
INFO: [ app_init ] --START--
INFO: Run Behavior\BuildLiteBehavior [ RunTime:0.000000s ]
INFO: [ app_init ] --END-- [ RunTime:0.001000s ]
ERR: 无法加载模块:Res

[ 2017-03-09T16:53:31+08:00 ] 127.0.0.1 /res/articleimg/gd_58c1180ba1b00.png
INFO: [ app_init ] --START--
INFO: Run Behavior\BuildLiteBehavior [ RunTime:0.000000s ]
INFO: [ app_init ] --END-- [ RunTime:0.000500s ]
ERR: 无法加载模块:Res

[ 2017-03-09T16:53:33+08:00 ] 127.0.0.1 /res/articleimg/gd_58c1180ba1b00.png
INFO: [ app_init ] --START--
INFO: Run Behavior\BuildLiteBehavior [ RunTime:0.000000s ]
INFO: [ app_init ] --END-- [ RunTime:0.001001s ]
ERR: 无法加载模块:Res

[ 2017-03-09T16:53:36+08:00 ] 127.0.0.1 /res/articleimg/gd_58c1180ba1b00.png
INFO: [ app_init ] --START--
INFO: Run Behavior\BuildLiteBehavior [ RunTime:0.000000s ]
INFO: [ app_init ] --END-- [ RunTime:0.001000s ]
ERR: 无法加载模块:Res

[ 2017-03-09T16:53:44+08:00 ] 127.0.0.1 /res/articleimg/gd_58c1180ba1b00.png
INFO: [ app_init ] --START--
INFO: Run Behavior\BuildLiteBehavior [ RunTime:0.000000s ]
INFO: [ app_init ] --END-- [ RunTime:0.001000s ]
ERR: 无法加载模块:Res

[ 2017-03-09T16:53:44+08:00 ] 127.0.0.1 /res/articleimg/gd_58c1180ba1b00.png
INFO: [ app_init ] --START--
INFO: Run Behavior\BuildLiteBehavior [ RunTime:0.000000s ]
INFO: [ app_init ] --END-- [ RunTime:0.001000s ]
ERR: 无法加载模块:Res

[ 2017-03-09T16:53:46+08:00 ] 127.0.0.1 /res/articleimg/gd_58c1180ba1b00.png
INFO: [ app_init ] --START--
INFO: Run Behavior\BuildLiteBehavior [ RunTime:0.000000s ]
INFO: [ app_init ] --END-- [ RunTime:0.000500s ]
ERR: 无法加载模块:Res

[ 2017-03-09T16:54:25+08:00 ] 127.0.0.1 /res/upfile/gd_58c11840f080b.jpg
INFO: [ app_init ] --START--
INFO: Run Behavior\BuildLiteBehavior [ RunTime:0.000000s ]
INFO: [ app_init ] --END-- [ RunTime:0.000000s ]
ERR: 无法加载模块:Res

[ 2017-03-09T16:54:33+08:00 ] 127.0.0.1 /res/upfile/gd_58c11840f080b.jpg
INFO: [ app_init ] --START--
INFO: Run Behavior\BuildLiteBehavior [ RunTime:0.000000s ]
INFO: [ app_init ] --END-- [ RunTime:0.001000s ]
ERR: 无法加载模块:Res

[ 2017-03-09T16:55:35+08:00 ] 127.0.0.1 /res/upfile/gd_58c11840f080b.jpg
INFO: [ app_init ] --START--
INFO: Run Behavior\BuildLiteBehavior [ RunTime:0.000000s ]
INFO: [ app_init ] --END-- [ RunTime:0.000500s ]
ERR: 无法加载模块:Res

[ 2017-03-09T16:55:43+08:00 ] 127.0.0.1 /res/upfile/gd_58c1188f27b30.png
INFO: [ app_init ] --START--
INFO: Run Behavior\BuildLiteBehavior [ RunTime:0.000000s ]
INFO: [ app_init ] --END-- [ RunTime:0.001000s ]
ERR: 无法加载模块:Res

[ 2017-03-09T16:55:43+08:00 ] 127.0.0.1 /res/upfile/gd_58c11840f080b.jpg
INFO: [ app_init ] --START--
INFO: Run Behavior\BuildLiteBehavior [ RunTime:0.000000s ]
INFO: [ app_init ] --END-- [ RunTime:0.001000s ]
ERR: 无法加载模块:Res

[ 2017-03-09T16:55:44+08:00 ] 127.0.0.1 /res/upfile/gd_58c11840f080b.jpg
INFO: [ app_init ] --START--
INFO: Run Behavior\BuildLiteBehavior [ RunTime:0.000000s ]
INFO: [ app_init ] --END-- [ RunTime:0.001000s ]
ERR: 无法加载模块:Res

[ 2017-03-09T16:55:46+08:00 ] 127.0.0.1 /res/upfile/gd_58c11840f080b.jpg
INFO: [ app_init ] --START--
INFO: Run Behavior\BuildLiteBehavior [ RunTime:0.000000s ]
INFO: [ app_init ] --END-- [ RunTime:0.000000s ]
ERR: 无法加载模块:Res

[ 2017-03-09T16:55:49+08:00 ] 127.0.0.1 /res/upfile/gd_58c1188f27b30.png
INFO: [ app_init ] --START--
INFO: Run Behavior\BuildLiteBehavior [ RunTime:0.000000s ]
INFO: [ app_init ] --END-- [ RunTime:0.001000s ]
ERR: 无法加载模块:Res

[ 2017-03-09T16:55:51+08:00 ] 127.0.0.1 /res/upfile/gd_58c1188f27b30.png
INFO: [ app_init ] --START--
INFO: Run Behavior\BuildLiteBehavior [ RunTime:0.001000s ]
INFO: [ app_init ] --END-- [ RunTime:0.001000s ]
ERR: 无法加载模块:Res

[ 2017-03-09T16:56:21+08:00 ] 127.0.0.1 /res/upfile/gd_58c118b4c93e4.png
INFO: [ app_init ] --START--
INFO: Run Behavior\BuildLiteBehavior [ RunTime:0.001000s ]
INFO: [ app_init ] --END-- [ RunTime:0.001000s ]
ERR: 无法加载模块:Res

[ 2017-03-09T16:56:25+08:00 ] 127.0.0.1 /res/upfile/gd_58c118b4c93e4.png
INFO: [ app_init ] --START--
INFO: Run Behavior\BuildLiteBehavior [ RunTime:0.000000s ]
INFO: [ app_init ] --END-- [ RunTime:0.001000s ]
ERR: 无法加载模块:Res

[ 2017-03-09T16:56:33+08:00 ] 127.0.0.1 /res/upfile/gd_58c118b4c93e4.png
INFO: [ app_init ] --START--
INFO: Run Behavior\BuildLiteBehavior [ RunTime:0.000000s ]
INFO: [ app_init ] --END-- [ RunTime:0.002000s ]
ERR: 无法加载模块:Res

[ 2017-03-09T16:57:28+08:00 ] 127.0.0.1 /res/upfile/gd_58c118b4c93e4.png
INFO: [ app_init ] --START--
INFO: Run Behavior\BuildLiteBehavior [ RunTime:0.000000s ]
INFO: [ app_init ] --END-- [ RunTime:0.000000s ]
ERR: 无法加载模块:Res

[ 2017-03-09T17:04:22+08:00 ] 127.0.0.1 /res/upfile/neng_58c11a96294e4.png
INFO: [ app_init ] --START--
INFO: Run Behavior\BuildLiteBehavior [ RunTime:0.000000s ]
INFO: [ app_init ] --END-- [ RunTime:0.000000s ]
ERR: 无法加载模块:Res

[ 2017-03-09T17:04:30+08:00 ] 127.0.0.1 /res/upfile/neng_58c11a96294e4.png
INFO: [ app_init ] --START--
INFO: Run Behavior\BuildLiteBehavior [ RunTime:0.000000s ]
INFO: [ app_init ] --END-- [ RunTime:0.000000s ]
ERR: 无法加载模块:Res

[ 2017-03-09T17:04:33+08:00 ] 127.0.0.1 /res/upfile/neng_58c11a96294e4.png
INFO: [ app_init ] --START--
INFO: Run Behavior\BuildLiteBehavior [ RunTime:0.000000s ]
INFO: [ app_init ] --END-- [ RunTime:0.001000s ]
ERR: 无法加载模块:Res

[ 2017-03-09T17:04:34+08:00 ] 127.0.0.1 /res/upfile/neng_58c11a96294e4.png
INFO: [ app_init ] --START--
INFO: Run Behavior\BuildLiteBehavior [ RunTime:0.000000s ]
INFO: [ app_init ] --END-- [ RunTime:0.000000s ]
ERR: 无法加载模块:Res

[ 2017-03-09T17:04:39+08:00 ] 127.0.0.1 /res/upfile/neng_58c11a96294e4.png
INFO: [ app_init ] --START--
INFO: Run Behavior\BuildLiteBehavior [ RunTime:0.000000s ]
INFO: [ app_init ] --END-- [ RunTime:0.001000s ]
ERR: 无法加载模块:Res

[ 2017-03-09T17:04:40+08:00 ] 127.0.0.1 /res/upfile/neng_58c11a96294e4.png
INFO: [ app_init ] --START--
INFO: Run Behavior\BuildLiteBehavior [ RunTime:0.000000s ]
INFO: [ app_init ] --END-- [ RunTime:0.000000s ]
ERR: 无法加载模块:Res

[ 2017-03-09T17:04:41+08:00 ] 127.0.0.1 /res/upfile/neng_58c11a96294e4.png
INFO: [ app_init ] --START--
INFO: Run Behavior\BuildLiteBehavior [ RunTime:0.000000s ]
INFO: [ app_init ] --END-- [ RunTime:0.000000s ]
ERR: 无法加载模块:Res

[ 2017-03-09T17:05:03+08:00 ] 127.0.0.1 /res/upfile/neng_58c11a96294e4.png
INFO: [ app_init ] --START--
INFO: Run Behavior\BuildLiteBehavior [ RunTime:0.000000s ]
INFO: [ app_init ] --END-- [ RunTime:0.001000s ]
ERR: 无法加载模块:Res

