[ 2017-02-15T10:18:15+08:00 ] 127.0.0.1 /index.php/niceshow/resource/index
INFO: [ app_init ] --START--
INFO: Run Behavior\BuildLiteBehavior [ RunTime:0.000000s ]
INFO: [ app_init ] --END-- [ RunTime:0.002000s ]
INFO: [ app_begin ] --START--
INFO: Run Behavior\ReadHtmlCacheBehavior [ RunTime:0.002000s ]
INFO: [ app_begin ] --END-- [ RunTime:0.002000s ]
SQL: SHOW COLUMNS FROM `user` [ RunTime:0.0080s ]
NOTIC: [8] Use of undefined constant id - assumed 'id' C:\wamp\wamp\www\Application\Niceshow\Controller\ResourceController.class.php 第 20 行.
SQL: SELECT COUNT(id) AS tp_count FROM `user` LIMIT 1   [ RunTime:0.0030s ]
SQL: SET NAMES utf8 [ RunTime:0.0000s ]
SQL: select * from  user limit  0,20 [ RunTime:0.0000s ]
INFO: [ view_parse ] --START--
INFO: [ template_filter ] --START--
INFO: Run Behavior\ContentReplaceBehavior [ RunTime:0.001000s ]
INFO: [ template_filter ] --END-- [ RunTime:0.001000s ]
INFO: Run Behavior\ParseTemplateBehavior [ RunTime:0.015000s ]
INFO: [ view_parse ] --END-- [ RunTime:0.015000s ]
INFO: [ view_filter ] --START--
INFO: Run Behavior\WriteHtmlCacheBehavior [ RunTime:0.001000s ]
INFO: [ view_filter ] --END-- [ RunTime:0.001000s ]
INFO: [ app_end ] --START--
INFO: Run Behavior\ShowPageTraceBehavior [ RunTime:0.001000s ]
INFO: [ app_end ] --END-- [ RunTime:0.001000s ]

[ 2017-02-15T10:18:52+08:00 ] 127.0.0.1 /index.php/niceshow/resource/index
INFO: [ app_init ] --START--
INFO: Run Behavior\BuildLiteBehavior [ RunTime:0.000000s ]
INFO: [ app_init ] --END-- [ RunTime:0.000000s ]
INFO: [ app_begin ] --START--
INFO: Run Behavior\ReadHtmlCacheBehavior [ RunTime:0.001000s ]
INFO: [ app_begin ] --END-- [ RunTime:0.001000s ]
SQL: SHOW COLUMNS FROM `user` [ RunTime:0.0010s ]
NOTIC: [8] Use of undefined constant id - assumed 'id' C:\wamp\wamp\www\Application\Niceshow\Controller\ResourceController.class.php 第 20 行.
SQL: SELECT COUNT(id) AS tp_count FROM `user` LIMIT 1   [ RunTime:0.0010s ]
SQL: SET NAMES utf8 [ RunTime:0.0010s ]
SQL: select * from  user limit  0,20 [ RunTime:0.0000s ]
INFO: [ view_parse ] --START--
INFO: [ template_filter ] --START--
INFO: Run Behavior\ContentReplaceBehavior [ RunTime:0.000000s ]
INFO: [ template_filter ] --END-- [ RunTime:0.000000s ]
INFO: Run Behavior\ParseTemplateBehavior [ RunTime:0.013001s ]
INFO: [ view_parse ] --END-- [ RunTime:0.013001s ]
INFO: [ view_filter ] --START--
INFO: Run Behavior\WriteHtmlCacheBehavior [ RunTime:0.001000s ]
INFO: [ view_filter ] --END-- [ RunTime:0.001000s ]
INFO: [ app_end ] --START--
INFO: Run Behavior\ShowPageTraceBehavior [ RunTime:0.001000s ]
INFO: [ app_end ] --END-- [ RunTime:0.001000s ]

[ 2017-02-15T10:19:51+08:00 ] 127.0.0.1 /index.php/niceshow/resource/index
INFO: [ app_init ] --START--
INFO: Run Behavior\BuildLiteBehavior [ RunTime:0.000000s ]
INFO: [ app_init ] --END-- [ RunTime:0.001000s ]
INFO: [ app_begin ] --START--
INFO: Run Behavior\ReadHtmlCacheBehavior [ RunTime:0.000000s ]
INFO: [ app_begin ] --END-- [ RunTime:0.001000s ]
SQL: SHOW COLUMNS FROM `user` [ RunTime:0.0010s ]
NOTIC: [8] Use of undefined constant id - assumed 'id' C:\wamp\wamp\www\Application\Niceshow\Controller\ResourceController.class.php 第 20 行.
SQL: SELECT COUNT(id) AS tp_count FROM `user` LIMIT 1   [ RunTime:0.0000s ]
SQL: SET NAMES utf8 [ RunTime:0.0000s ]
SQL: select * from  user limit  0,20 [ RunTime:0.0000s ]
INFO: [ view_parse ] --START--
INFO: [ template_filter ] --START--
INFO: Run Behavior\ContentReplaceBehavior [ RunTime:0.000000s ]
INFO: [ template_filter ] --END-- [ RunTime:0.000000s ]
INFO: Run Behavior\ParseTemplateBehavior [ RunTime:0.010000s ]
INFO: [ view_parse ] --END-- [ RunTime:0.010000s ]
INFO: [ view_filter ] --START--
INFO: Run Behavior\WriteHtmlCacheBehavior [ RunTime:0.000000s ]
INFO: [ view_filter ] --END-- [ RunTime:0.000000s ]
INFO: [ app_end ] --START--
INFO: Run Behavior\ShowPageTraceBehavior [ RunTime:0.001001s ]
INFO: [ app_end ] --END-- [ RunTime:0.001001s ]

[ 2017-02-15T10:20:44+08:00 ] 127.0.0.1 /index.php/niceshow/resource/index
INFO: [ app_init ] --START--
INFO: Run Behavior\BuildLiteBehavior [ RunTime:0.000000s ]
INFO: [ app_init ] --END-- [ RunTime:0.001000s ]
INFO: [ app_begin ] --START--
INFO: Run Behavior\ReadHtmlCacheBehavior [ RunTime:0.001000s ]
INFO: [ app_begin ] --END-- [ RunTime:0.001000s ]
SQL: SHOW COLUMNS FROM `user` [ RunTime:0.0010s ]
NOTIC: [8] Use of undefined constant id - assumed 'id' C:\wamp\wamp\www\Application\Niceshow\Controller\ResourceController.class.php 第 20 行.
SQL: SELECT COUNT(id) AS tp_count FROM `user` LIMIT 1   [ RunTime:0.0000s ]
SQL: SET NAMES utf8 [ RunTime:0.0000s ]
SQL: select * from  user limit  0,20 [ RunTime:0.0000s ]
INFO: [ view_parse ] --START--
INFO: [ template_filter ] --START--
INFO: Run Behavior\ContentReplaceBehavior [ RunTime:0.000000s ]
INFO: [ template_filter ] --END-- [ RunTime:0.001000s ]
INFO: Run Behavior\ParseTemplateBehavior [ RunTime:0.008001s ]
INFO: [ view_parse ] --END-- [ RunTime:0.009001s ]
INFO: [ view_filter ] --START--
INFO: Run Behavior\WriteHtmlCacheBehavior [ RunTime:0.000000s ]
INFO: [ view_filter ] --END-- [ RunTime:0.000000s ]
INFO: [ app_end ] --START--
INFO: Run Behavior\ShowPageTraceBehavior [ RunTime:0.001000s ]
INFO: [ app_end ] --END-- [ RunTime:0.001000s ]

[ 2017-02-15T10:24:04+08:00 ] 127.0.0.1 /index.php/niceshow/resource/index
INFO: [ app_init ] --START--
INFO: Run Behavior\BuildLiteBehavior [ RunTime:0.000000s ]
INFO: [ app_init ] --END-- [ RunTime:0.001001s ]
INFO: [ app_begin ] --START--
INFO: Run Behavior\ReadHtmlCacheBehavior [ RunTime:0.001000s ]
INFO: [ app_begin ] --END-- [ RunTime:0.001000s ]
SQL: SHOW COLUMNS FROM `user` [ RunTime:0.0010s ]
NOTIC: [8] Use of undefined constant id - assumed 'id' C:\wamp\wamp\www\Application\Niceshow\Controller\ResourceController.class.php 第 20 行.
SQL: SELECT COUNT(id) AS tp_count FROM `user` LIMIT 1   [ RunTime:0.0010s ]
SQL: SET NAMES utf8 [ RunTime:0.0000s ]
SQL: select * from  user limit  0,20 [ RunTime:0.0010s ]
INFO: [ view_parse ] --START--
INFO: [ template_filter ] --START--
INFO: Run Behavior\ContentReplaceBehavior [ RunTime:0.000000s ]
INFO: [ template_filter ] --END-- [ RunTime:0.000000s ]
INFO: Run Behavior\ParseTemplateBehavior [ RunTime:0.010001s ]
INFO: [ view_parse ] --END-- [ RunTime:0.010001s ]
INFO: [ view_filter ] --START--
INFO: Run Behavior\WriteHtmlCacheBehavior [ RunTime:0.001000s ]
INFO: [ view_filter ] --END-- [ RunTime:0.001000s ]
INFO: [ app_end ] --START--
INFO: Run Behavior\ShowPageTraceBehavior [ RunTime:0.001000s ]
INFO: [ app_end ] --END-- [ RunTime:0.001000s ]

[ 2017-02-15T10:24:05+08:00 ] 127.0.0.1 /index.php/niceshow/resource/index
INFO: [ app_init ] --START--
INFO: Run Behavior\BuildLiteBehavior [ RunTime:0.000000s ]
INFO: [ app_init ] --END-- [ RunTime:0.001000s ]
INFO: [ app_begin ] --START--
INFO: Run Behavior\ReadHtmlCacheBehavior [ RunTime:0.001000s ]
INFO: [ app_begin ] --END-- [ RunTime:0.001000s ]
SQL: SHOW COLUMNS FROM `user` [ RunTime:0.0010s ]
NOTIC: [8] Use of undefined constant id - assumed 'id' C:\wamp\wamp\www\Application\Niceshow\Controller\ResourceController.class.php 第 20 行.
SQL: SELECT COUNT(id) AS tp_count FROM `user` LIMIT 1   [ RunTime:0.0010s ]
SQL: SET NAMES utf8 [ RunTime:0.0000s ]
SQL: select * from  user limit  0,20 [ RunTime:0.0000s ]
INFO: [ view_parse ] --START--
INFO: [ template_filter ] --START--
INFO: Run Behavior\ContentReplaceBehavior [ RunTime:0.000000s ]
INFO: [ template_filter ] --END-- [ RunTime:0.000000s ]
INFO: Run Behavior\ParseTemplateBehavior [ RunTime:0.009001s ]
INFO: [ view_parse ] --END-- [ RunTime:0.010001s ]
INFO: [ view_filter ] --START--
INFO: Run Behavior\WriteHtmlCacheBehavior [ RunTime:0.000000s ]
INFO: [ view_filter ] --END-- [ RunTime:0.000000s ]
INFO: [ app_end ] --START--
INFO: Run Behavior\ShowPageTraceBehavior [ RunTime:0.001000s ]
INFO: [ app_end ] --END-- [ RunTime:0.001000s ]

[ 2017-02-15T10:24:05+08:00 ] 127.0.0.1 /index.php/niceshow/resource/index
INFO: [ app_init ] --START--
INFO: Run Behavior\BuildLiteBehavior [ RunTime:0.000000s ]
INFO: [ app_init ] --END-- [ RunTime:0.001000s ]
INFO: [ app_begin ] --START--
INFO: Run Behavior\ReadHtmlCacheBehavior [ RunTime:0.001000s ]
INFO: [ app_begin ] --END-- [ RunTime:0.001000s ]
SQL: SHOW COLUMNS FROM `user` [ RunTime:0.0020s ]
NOTIC: [8] Use of undefined constant id - assumed 'id' C:\wamp\wamp\www\Application\Niceshow\Controller\ResourceController.class.php 第 20 行.
SQL: SELECT COUNT(id) AS tp_count FROM `user` LIMIT 1   [ RunTime:0.0000s ]
SQL: SET NAMES utf8 [ RunTime:0.0000s ]
SQL: select * from  user limit  0,20 [ RunTime:0.0010s ]
INFO: [ view_parse ] --START--
INFO: [ template_filter ] --START--
INFO: Run Behavior\ContentReplaceBehavior [ RunTime:0.000000s ]
INFO: [ template_filter ] --END-- [ RunTime:0.001000s ]
INFO: Run Behavior\ParseTemplateBehavior [ RunTime:0.009001s ]
INFO: [ view_parse ] --END-- [ RunTime:0.009001s ]
INFO: [ view_filter ] --START--
INFO: Run Behavior\WriteHtmlCacheBehavior [ RunTime:0.000000s ]
INFO: [ view_filter ] --END-- [ RunTime:0.001000s ]
INFO: [ app_end ] --START--
INFO: Run Behavior\ShowPageTraceBehavior [ RunTime:0.000000s ]
INFO: [ app_end ] --END-- [ RunTime:0.002000s ]

[ 2017-02-15T10:24:06+08:00 ] 127.0.0.1 /index.php/niceshow/resource/index
INFO: [ app_init ] --START--
INFO: Run Behavior\BuildLiteBehavior [ RunTime:0.000000s ]
INFO: [ app_init ] --END-- [ RunTime:0.001000s ]
INFO: [ app_begin ] --START--
INFO: Run Behavior\ReadHtmlCacheBehavior [ RunTime:0.001000s ]
INFO: [ app_begin ] --END-- [ RunTime:0.002000s ]
SQL: SHOW COLUMNS FROM `user` [ RunTime:0.0020s ]
NOTIC: [8] Use of undefined constant id - assumed 'id' C:\wamp\wamp\www\Application\Niceshow\Controller\ResourceController.class.php 第 20 行.
SQL: SELECT COUNT(id) AS tp_count FROM `user` LIMIT 1   [ RunTime:0.0000s ]
SQL: SET NAMES utf8 [ RunTime:0.0000s ]
SQL: select * from  user limit  0,20 [ RunTime:0.0000s ]
INFO: [ view_parse ] --START--
INFO: [ template_filter ] --START--
INFO: Run Behavior\ContentReplaceBehavior [ RunTime:0.000000s ]
INFO: [ template_filter ] --END-- [ RunTime:0.001000s ]
INFO: Run Behavior\ParseTemplateBehavior [ RunTime:0.009001s ]
INFO: [ view_parse ] --END-- [ RunTime:0.009001s ]
INFO: [ view_filter ] --START--
INFO: Run Behavior\WriteHtmlCacheBehavior [ RunTime:0.000000s ]
INFO: [ view_filter ] --END-- [ RunTime:0.000000s ]
INFO: [ app_end ] --START--
INFO: Run Behavior\ShowPageTraceBehavior [ RunTime:0.001000s ]
INFO: [ app_end ] --END-- [ RunTime:0.001000s ]

[ 2017-02-15T10:24:50+08:00 ] 127.0.0.1 /index.php/niceshow/resource/index
INFO: [ app_init ] --START--
INFO: Run Behavior\BuildLiteBehavior [ RunTime:0.000000s ]
INFO: [ app_init ] --END-- [ RunTime:0.000000s ]
INFO: [ app_begin ] --START--
INFO: Run Behavior\ReadHtmlCacheBehavior [ RunTime:0.001000s ]
INFO: [ app_begin ] --END-- [ RunTime:0.001000s ]
SQL: SHOW COLUMNS FROM `user` [ RunTime:0.0010s ]
NOTIC: [8] Use of undefined constant id - assumed 'id' C:\wamp\wamp\www\Application\Niceshow\Controller\ResourceController.class.php 第 20 行.
SQL: SELECT COUNT(id) AS tp_count FROM `user` LIMIT 1   [ RunTime:0.0000s ]
SQL: SET NAMES utf8 [ RunTime:0.0000s ]
SQL: select * from  user limit  0,20 [ RunTime:0.0000s ]
INFO: [ view_parse ] --START--
NOTIC: [2] filemtime(): stat failed for ./Application/Runtime/Cache\595351de0a5ee914584237a2089f01e6ee860dc7.file.index.html.php C:\wamp\wamp\www\ThinkPHP\Library\Vendor\Smarty\sysplugins\smarty_resource.php 第 683 行.
NOTIC: [2] unlink(./Application/Runtime/Cache\595351de0a5ee914584237a2089f01e6ee860dc7.file.index.html.php): No such file or directory C:\wamp\wamp\www\ThinkPHP\Library\Vendor\Smarty\sysplugins\smarty_internal_write_file.php 第 49 行.
NOTIC: [8] Undefined index: i C:\wamp\wamp\www\Application\Runtime\Cache\595351de0a5ee914584237a2089f01e6ee860dc7.file.index.html.php 第 93 行.
NOTIC: [8] Trying to get property of non-object C:\wamp\wamp\www\Application\Runtime\Cache\595351de0a5ee914584237a2089f01e6ee860dc7.file.index.html.php 第 93 行.
NOTIC: [8] Undefined index: i C:\wamp\wamp\www\Application\Runtime\Cache\595351de0a5ee914584237a2089f01e6ee860dc7.file.index.html.php 第 94 行.
NOTIC: [8] Trying to get property of non-object C:\wamp\wamp\www\Application\Runtime\Cache\595351de0a5ee914584237a2089f01e6ee860dc7.file.index.html.php 第 94 行.
INFO: Run Behavior\ParseTemplateBehavior [ RunTime:0.101006s ]
INFO: [ view_parse ] --END-- [ RunTime:0.101006s ]
INFO: [ view_filter ] --START--
INFO: Run Behavior\WriteHtmlCacheBehavior [ RunTime:0.000000s ]
INFO: [ view_filter ] --END-- [ RunTime:0.000000s ]
INFO: [ app_end ] --START--
INFO: Run Behavior\ShowPageTraceBehavior [ RunTime:0.000000s ]
INFO: [ app_end ] --END-- [ RunTime:0.000000s ]

[ 2017-02-15T10:31:35+08:00 ] 127.0.0.1 /index.php/niceshow/resource/index
INFO: [ app_init ] --START--
INFO: Run Behavior\BuildLiteBehavior [ RunTime:0.000000s ]
INFO: [ app_init ] --END-- [ RunTime:0.000000s ]
INFO: [ app_begin ] --START--
INFO: Run Behavior\ReadHtmlCacheBehavior [ RunTime:0.000000s ]
INFO: [ app_begin ] --END-- [ RunTime:0.001000s ]
SQL: SHOW COLUMNS FROM `user` [ RunTime:0.0010s ]
NOTIC: [8] Use of undefined constant id - assumed 'id' C:\wamp\wamp\www\Application\Niceshow\Controller\ResourceController.class.php 第 20 行.
SQL: SELECT COUNT(id) AS tp_count FROM `user` LIMIT 1   [ RunTime:0.0000s ]
SQL: SET NAMES utf8 [ RunTime:0.0000s ]
SQL: select * from  user limit  0,20 [ RunTime:0.0000s ]
INFO: [ view_parse ] --START--
INFO: [ template_filter ] --START--
INFO: Run Behavior\ContentReplaceBehavior [ RunTime:0.000000s ]
INFO: [ template_filter ] --END-- [ RunTime:0.000000s ]
INFO: Run Behavior\ParseTemplateBehavior [ RunTime:0.010000s ]
INFO: [ view_parse ] --END-- [ RunTime:0.010000s ]
INFO: [ view_filter ] --START--
INFO: Run Behavior\WriteHtmlCacheBehavior [ RunTime:0.000000s ]
INFO: [ view_filter ] --END-- [ RunTime:0.000000s ]
INFO: [ app_end ] --START--
INFO: Run Behavior\ShowPageTraceBehavior [ RunTime:0.000000s ]
INFO: [ app_end ] --END-- [ RunTime:0.000000s ]

[ 2017-02-15T10:31:52+08:00 ] 127.0.0.1 /index.php/niceshow/resource/index
INFO: [ app_init ] --START--
INFO: Run Behavior\BuildLiteBehavior [ RunTime:0.000000s ]
INFO: [ app_init ] --END-- [ RunTime:0.001000s ]
INFO: [ app_begin ] --START--
INFO: Run Behavior\ReadHtmlCacheBehavior [ RunTime:0.000000s ]
INFO: [ app_begin ] --END-- [ RunTime:0.001000s ]
SQL: SHOW COLUMNS FROM `user` [ RunTime:0.0020s ]
NOTIC: [8] Use of undefined constant id - assumed 'id' C:\wamp\wamp\www\Application\Niceshow\Controller\ResourceController.class.php 第 20 行.
SQL: SELECT COUNT(id) AS tp_count FROM `user` LIMIT 1   [ RunTime:0.0000s ]
SQL: SET NAMES utf8 [ RunTime:0.0010s ]
SQL: select * from  user limit  0,20 [ RunTime:0.0000s ]
INFO: [ view_parse ] --START--
INFO: [ template_filter ] --START--
INFO: Run Behavior\ContentReplaceBehavior [ RunTime:0.001000s ]
INFO: [ template_filter ] --END-- [ RunTime:0.001000s ]
INFO: Run Behavior\ParseTemplateBehavior [ RunTime:0.010001s ]
INFO: [ view_parse ] --END-- [ RunTime:0.011001s ]
INFO: [ view_filter ] --START--
INFO: Run Behavior\WriteHtmlCacheBehavior [ RunTime:0.000000s ]
INFO: [ view_filter ] --END-- [ RunTime:0.000000s ]
INFO: [ app_end ] --START--
INFO: Run Behavior\ShowPageTraceBehavior [ RunTime:0.000000s ]
INFO: [ app_end ] --END-- [ RunTime:0.000000s ]

[ 2017-02-15T10:34:10+08:00 ] 127.0.0.1 /index.php/niceshow/resource/index
INFO: [ app_init ] --START--
INFO: Run Behavior\BuildLiteBehavior [ RunTime:0.000000s ]
INFO: [ app_init ] --END-- [ RunTime:0.000000s ]
INFO: [ app_begin ] --START--
INFO: Run Behavior\ReadHtmlCacheBehavior [ RunTime:0.001000s ]
INFO: [ app_begin ] --END-- [ RunTime:0.001000s ]
SQL: SHOW COLUMNS FROM `user` [ RunTime:0.0020s ]
NOTIC: [8] Use of undefined constant id - assumed 'id' C:\wamp\wamp\www\Application\Niceshow\Controller\ResourceController.class.php 第 20 行.
SQL: SELECT COUNT(id) AS tp_count FROM `user` LIMIT 1   [ RunTime:0.0000s ]
SQL: SET NAMES utf8 [ RunTime:0.0010s ]
SQL: select * from  user limit  0,20 [ RunTime:0.0000s ]
INFO: [ view_parse ] --START--
ERR: Syntax Error in template "./Application/Niceshow/View\Resource\index.html"  on line 73 "{foreach name=&quot;number&quot; item=&quot;vo&quot; }呃呃呃" missing "from" attribute

[ 2017-02-15T10:34:25+08:00 ] 127.0.0.1 /index.php/niceshow/resource/index
INFO: [ app_init ] --START--
INFO: Run Behavior\BuildLiteBehavior [ RunTime:0.000000s ]
INFO: [ app_init ] --END-- [ RunTime:0.001000s ]
INFO: [ app_begin ] --START--
INFO: Run Behavior\ReadHtmlCacheBehavior [ RunTime:0.001000s ]
INFO: [ app_begin ] --END-- [ RunTime:0.001000s ]
SQL: SHOW COLUMNS FROM `user` [ RunTime:0.0010s ]
NOTIC: [8] Use of undefined constant id - assumed 'id' C:\wamp\wamp\www\Application\Niceshow\Controller\ResourceController.class.php 第 20 行.
SQL: SELECT COUNT(id) AS tp_count FROM `user` LIMIT 1   [ RunTime:0.0000s ]
SQL: SET NAMES utf8 [ RunTime:0.0000s ]
SQL: select * from  user limit  0,20 [ RunTime:0.0000s ]
INFO: [ view_parse ] --START--
ERR: Syntax Error in template "./Application/Niceshow/View\Resource\index.html"  on line 73 "&lt;!-- {foreach name=&quot;number&quot; item=&quot;vo&quot; }呃呃呃" missing "from" attribute

[ 2017-02-15T10:34:27+08:00 ] 127.0.0.1 /index.php/niceshow/resource/index
INFO: [ app_init ] --START--
INFO: Run Behavior\BuildLiteBehavior [ RunTime:0.000000s ]
INFO: [ app_init ] --END-- [ RunTime:0.001000s ]
INFO: [ app_begin ] --START--
INFO: Run Behavior\ReadHtmlCacheBehavior [ RunTime:0.001000s ]
INFO: [ app_begin ] --END-- [ RunTime:0.001000s ]
SQL: SHOW COLUMNS FROM `user` [ RunTime:0.0020s ]
NOTIC: [8] Use of undefined constant id - assumed 'id' C:\wamp\wamp\www\Application\Niceshow\Controller\ResourceController.class.php 第 20 行.
SQL: SELECT COUNT(id) AS tp_count FROM `user` LIMIT 1   [ RunTime:0.0000s ]
SQL: SET NAMES utf8 [ RunTime:0.0000s ]
SQL: select * from  user limit  0,20 [ RunTime:0.0000s ]
INFO: [ view_parse ] --START--
ERR: Syntax Error in template "./Application/Niceshow/View\Resource\index.html"  on line 73 "&lt;!-- {foreach name=&quot;number&quot; item=&quot;vo&quot; }呃呃呃" missing "from" attribute

[ 2017-02-15T10:34:28+08:00 ] 127.0.0.1 /index.php/niceshow/resource/index
INFO: [ app_init ] --START--
INFO: Run Behavior\BuildLiteBehavior [ RunTime:0.000000s ]
INFO: [ app_init ] --END-- [ RunTime:0.001000s ]
INFO: [ app_begin ] --START--
INFO: Run Behavior\ReadHtmlCacheBehavior [ RunTime:0.001000s ]
INFO: [ app_begin ] --END-- [ RunTime:0.002000s ]
SQL: SHOW COLUMNS FROM `user` [ RunTime:0.0020s ]
NOTIC: [8] Use of undefined constant id - assumed 'id' C:\wamp\wamp\www\Application\Niceshow\Controller\ResourceController.class.php 第 20 行.
SQL: SELECT COUNT(id) AS tp_count FROM `user` LIMIT 1   [ RunTime:0.0000s ]
SQL: SET NAMES utf8 [ RunTime:0.0000s ]
SQL: select * from  user limit  0,20 [ RunTime:0.0000s ]
INFO: [ view_parse ] --START--
ERR: Syntax Error in template "./Application/Niceshow/View\Resource\index.html"  on line 73 "&lt;!-- {foreach name=&quot;number&quot; item=&quot;vo&quot; }呃呃呃" missing "from" attribute

[ 2017-02-15T10:34:35+08:00 ] 127.0.0.1 /index.php/niceshow/resource/index
INFO: [ app_init ] --START--
INFO: Run Behavior\BuildLiteBehavior [ RunTime:0.000000s ]
INFO: [ app_init ] --END-- [ RunTime:0.000000s ]
INFO: [ app_begin ] --START--
INFO: Run Behavior\ReadHtmlCacheBehavior [ RunTime:0.001000s ]
INFO: [ app_begin ] --END-- [ RunTime:0.001000s ]
SQL: SHOW COLUMNS FROM `user` [ RunTime:0.0020s ]
NOTIC: [8] Use of undefined constant id - assumed 'id' C:\wamp\wamp\www\Application\Niceshow\Controller\ResourceController.class.php 第 20 行.
SQL: SELECT COUNT(id) AS tp_count FROM `user` LIMIT 1   [ RunTime:0.0000s ]
SQL: SET NAMES utf8 [ RunTime:0.0000s ]
SQL: select * from  user limit  0,20 [ RunTime:0.0010s ]
INFO: [ view_parse ] --START--
NOTIC: [8] Undefined index: i C:\wamp\wamp\www\Application\Runtime\Cache\595351de0a5ee914584237a2089f01e6ee860dc7.file.index.html.php 第 93 行.
NOTIC: [8] Trying to get property of non-object C:\wamp\wamp\www\Application\Runtime\Cache\595351de0a5ee914584237a2089f01e6ee860dc7.file.index.html.php 第 93 行.
NOTIC: [8] Undefined index: i C:\wamp\wamp\www\Application\Runtime\Cache\595351de0a5ee914584237a2089f01e6ee860dc7.file.index.html.php 第 94 行.
NOTIC: [8] Trying to get property of non-object C:\wamp\wamp\www\Application\Runtime\Cache\595351de0a5ee914584237a2089f01e6ee860dc7.file.index.html.php 第 94 行.
INFO: Run Behavior\ParseTemplateBehavior [ RunTime:0.086005s ]
INFO: [ view_parse ] --END-- [ RunTime:0.086005s ]
INFO: [ view_filter ] --START--
INFO: Run Behavior\WriteHtmlCacheBehavior [ RunTime:0.001000s ]
INFO: [ view_filter ] --END-- [ RunTime:0.001000s ]
INFO: [ app_end ] --START--
INFO: Run Behavior\ShowPageTraceBehavior [ RunTime:0.001000s ]
INFO: [ app_end ] --END-- [ RunTime:0.001000s ]

[ 2017-02-15T10:34:55+08:00 ] 127.0.0.1 /index.php/niceshow/resource/index
INFO: [ app_init ] --START--
INFO: Run Behavior\BuildLiteBehavior [ RunTime:0.000000s ]
INFO: [ app_init ] --END-- [ RunTime:0.000000s ]
INFO: [ app_begin ] --START--
INFO: Run Behavior\ReadHtmlCacheBehavior [ RunTime:0.001000s ]
INFO: [ app_begin ] --END-- [ RunTime:0.001000s ]
SQL: SHOW COLUMNS FROM `user` [ RunTime:0.0010s ]
NOTIC: [8] Use of undefined constant id - assumed 'id' C:\wamp\wamp\www\Application\Niceshow\Controller\ResourceController.class.php 第 20 行.
SQL: SELECT COUNT(id) AS tp_count FROM `user` LIMIT 1   [ RunTime:0.0000s ]
SQL: SET NAMES utf8 [ RunTime:0.0000s ]
SQL: select * from  user limit  0,20 [ RunTime:0.0010s ]
INFO: [ view_parse ] --START--
NOTIC: [8] Undefined index: i C:\wamp\wamp\www\Application\Runtime\Cache\595351de0a5ee914584237a2089f01e6ee860dc7.file.index.html.php 第 93 行.
NOTIC: [8] Trying to get property of non-object C:\wamp\wamp\www\Application\Runtime\Cache\595351de0a5ee914584237a2089f01e6ee860dc7.file.index.html.php 第 93 行.
NOTIC: [8] Undefined index: i C:\wamp\wamp\www\Application\Runtime\Cache\595351de0a5ee914584237a2089f01e6ee860dc7.file.index.html.php 第 94 行.
NOTIC: [8] Trying to get property of non-object C:\wamp\wamp\www\Application\Runtime\Cache\595351de0a5ee914584237a2089f01e6ee860dc7.file.index.html.php 第 94 行.
INFO: Run Behavior\ParseTemplateBehavior [ RunTime:0.010000s ]
INFO: [ view_parse ] --END-- [ RunTime:0.010000s ]
INFO: [ view_filter ] --START--
INFO: Run Behavior\WriteHtmlCacheBehavior [ RunTime:0.001000s ]
INFO: [ view_filter ] --END-- [ RunTime:0.001000s ]
INFO: [ app_end ] --START--
INFO: Run Behavior\ShowPageTraceBehavior [ RunTime:0.000000s ]
INFO: [ app_end ] --END-- [ RunTime:0.001000s ]

[ 2017-02-15T10:34:56+08:00 ] 127.0.0.1 /index.php/niceshow/resource/index
INFO: [ app_init ] --START--
INFO: Run Behavior\BuildLiteBehavior [ RunTime:0.000000s ]
INFO: [ app_init ] --END-- [ RunTime:0.001000s ]
INFO: [ app_begin ] --START--
INFO: Run Behavior\ReadHtmlCacheBehavior [ RunTime:0.001000s ]
INFO: [ app_begin ] --END-- [ RunTime:0.001000s ]
SQL: SHOW COLUMNS FROM `user` [ RunTime:0.0010s ]
NOTIC: [8] Use of undefined constant id - assumed 'id' C:\wamp\wamp\www\Application\Niceshow\Controller\ResourceController.class.php 第 20 行.
SQL: SELECT COUNT(id) AS tp_count FROM `user` LIMIT 1   [ RunTime:0.0000s ]
SQL: SET NAMES utf8 [ RunTime:0.0000s ]
SQL: select * from  user limit  0,20 [ RunTime:0.0000s ]
INFO: [ view_parse ] --START--
NOTIC: [8] Undefined index: i C:\wamp\wamp\www\Application\Runtime\Cache\595351de0a5ee914584237a2089f01e6ee860dc7.file.index.html.php 第 93 行.
NOTIC: [8] Trying to get property of non-object C:\wamp\wamp\www\Application\Runtime\Cache\595351de0a5ee914584237a2089f01e6ee860dc7.file.index.html.php 第 93 行.
NOTIC: [8] Undefined index: i C:\wamp\wamp\www\Application\Runtime\Cache\595351de0a5ee914584237a2089f01e6ee860dc7.file.index.html.php 第 94 行.
NOTIC: [8] Trying to get property of non-object C:\wamp\wamp\www\Application\Runtime\Cache\595351de0a5ee914584237a2089f01e6ee860dc7.file.index.html.php 第 94 行.
INFO: Run Behavior\ParseTemplateBehavior [ RunTime:0.007001s ]
INFO: [ view_parse ] --END-- [ RunTime:0.008001s ]
INFO: [ view_filter ] --START--
INFO: Run Behavior\WriteHtmlCacheBehavior [ RunTime:0.001000s ]
INFO: [ view_filter ] --END-- [ RunTime:0.001000s ]
INFO: [ app_end ] --START--
INFO: Run Behavior\ShowPageTraceBehavior [ RunTime:0.001000s ]
INFO: [ app_end ] --END-- [ RunTime:0.001000s ]

[ 2017-02-15T10:39:37+08:00 ] 127.0.0.1 /index.php/niceshow/resource/index
INFO: [ app_init ] --START--
INFO: Run Behavior\BuildLiteBehavior [ RunTime:0.000000s ]
INFO: [ app_init ] --END-- [ RunTime:0.000000s ]
INFO: [ app_begin ] --START--
INFO: Run Behavior\ReadHtmlCacheBehavior [ RunTime:0.000000s ]
INFO: [ app_begin ] --END-- [ RunTime:0.001000s ]
SQL: SHOW COLUMNS FROM `user` [ RunTime:0.0010s ]
NOTIC: [8] Use of undefined constant id - assumed 'id' C:\wamp\wamp\www\Application\Niceshow\Controller\ResourceController.class.php 第 20 行.
SQL: SELECT COUNT(id) AS tp_count FROM `user` LIMIT 1   [ RunTime:0.0000s ]
SQL: SET NAMES utf8 [ RunTime:0.0000s ]
SQL: select * from  user limit  0,20 [ RunTime:0.0000s ]
INFO: [ view_parse ] --START--
INFO: [ template_filter ] --START--
INFO: Run Behavior\ContentReplaceBehavior [ RunTime:0.000000s ]
INFO: [ template_filter ] --END-- [ RunTime:0.000000s ]
INFO: Run Behavior\ParseTemplateBehavior [ RunTime:0.010000s ]
INFO: [ view_parse ] --END-- [ RunTime:0.011001s ]
INFO: [ view_filter ] --START--
INFO: Run Behavior\WriteHtmlCacheBehavior [ RunTime:0.000000s ]
INFO: [ view_filter ] --END-- [ RunTime:0.000000s ]
INFO: [ app_end ] --START--
INFO: Run Behavior\ShowPageTraceBehavior [ RunTime:0.000000s ]
INFO: [ app_end ] --END-- [ RunTime:0.000000s ]

[ 2017-02-15T10:40:10+08:00 ] 127.0.0.1 /index.php/niceshow/resource/index
INFO: [ app_init ] --START--
INFO: Run Behavior\BuildLiteBehavior [ RunTime:0.000000s ]
INFO: [ app_init ] --END-- [ RunTime:0.000000s ]
INFO: [ app_begin ] --START--
INFO: Run Behavior\ReadHtmlCacheBehavior [ RunTime:0.001000s ]
INFO: [ app_begin ] --END-- [ RunTime:0.001000s ]
SQL: SHOW COLUMNS FROM `user` [ RunTime:0.0010s ]
NOTIC: [8] Use of undefined constant id - assumed 'id' C:\wamp\wamp\www\Application\Niceshow\Controller\ResourceController.class.php 第 20 行.
SQL: SELECT COUNT(id) AS tp_count FROM `user` LIMIT 1   [ RunTime:0.0000s ]
SQL: SET NAMES utf8 [ RunTime:0.0000s ]
SQL: select * from  user limit  0,20 [ RunTime:0.0000s ]
INFO: [ view_parse ] --START--
INFO: [ template_filter ] --START--
INFO: Run Behavior\ContentReplaceBehavior [ RunTime:0.000000s ]
INFO: [ template_filter ] --END-- [ RunTime:0.000000s ]
INFO: Run Behavior\ParseTemplateBehavior [ RunTime:0.009001s ]
INFO: [ view_parse ] --END-- [ RunTime:0.009001s ]
INFO: [ view_filter ] --START--
INFO: Run Behavior\WriteHtmlCacheBehavior [ RunTime:0.000000s ]
INFO: [ view_filter ] --END-- [ RunTime:0.000000s ]
INFO: [ app_end ] --START--
INFO: Run Behavior\ShowPageTraceBehavior [ RunTime:0.000000s ]
INFO: [ app_end ] --END-- [ RunTime:0.000000s ]

[ 2017-02-15T10:41:03+08:00 ] 127.0.0.1 /index.php/niceshow/resource/index
INFO: [ app_init ] --START--
INFO: Run Behavior\BuildLiteBehavior [ RunTime:0.000000s ]
INFO: [ app_init ] --END-- [ RunTime:0.001000s ]
INFO: [ app_begin ] --START--
INFO: Run Behavior\ReadHtmlCacheBehavior [ RunTime:0.000000s ]
INFO: [ app_begin ] --END-- [ RunTime:0.001000s ]
SQL: SHOW COLUMNS FROM `user` [ RunTime:0.0010s ]
NOTIC: [8] Use of undefined constant id - assumed 'id' C:\wamp\wamp\www\Application\Niceshow\Controller\ResourceController.class.php 第 20 行.
SQL: SELECT COUNT(id) AS tp_count FROM `user` LIMIT 1   [ RunTime:0.0000s ]
SQL: SET NAMES utf8 [ RunTime:0.0010s ]
SQL: select * from  user limit  0,20 [ RunTime:0.0000s ]
INFO: [ view_parse ] --START--
INFO: [ template_filter ] --START--
INFO: Run Behavior\ContentReplaceBehavior [ RunTime:0.000000s ]
INFO: [ template_filter ] --END-- [ RunTime:0.000000s ]
INFO: Run Behavior\ParseTemplateBehavior [ RunTime:0.009001s ]
INFO: [ view_parse ] --END-- [ RunTime:0.009001s ]
INFO: [ view_filter ] --START--
INFO: Run Behavior\WriteHtmlCacheBehavior [ RunTime:0.000000s ]
INFO: [ view_filter ] --END-- [ RunTime:0.000000s ]
INFO: [ app_end ] --START--
INFO: Run Behavior\ShowPageTraceBehavior [ RunTime:0.000000s ]
INFO: [ app_end ] --END-- [ RunTime:0.001000s ]

[ 2017-02-15T10:41:04+08:00 ] 127.0.0.1 /index.php/niceshow/resource/index
INFO: [ app_init ] --START--
INFO: Run Behavior\BuildLiteBehavior [ RunTime:0.000000s ]
INFO: [ app_init ] --END-- [ RunTime:0.001000s ]
INFO: [ app_begin ] --START--
INFO: Run Behavior\ReadHtmlCacheBehavior [ RunTime:0.000000s ]
INFO: [ app_begin ] --END-- [ RunTime:0.000000s ]
SQL: SHOW COLUMNS FROM `user` [ RunTime:0.0010s ]
NOTIC: [8] Use of undefined constant id - assumed 'id' C:\wamp\wamp\www\Application\Niceshow\Controller\ResourceController.class.php 第 20 行.
SQL: SELECT COUNT(id) AS tp_count FROM `user` LIMIT 1   [ RunTime:0.0000s ]
SQL: SET NAMES utf8 [ RunTime:0.0000s ]
SQL: select * from  user limit  0,20 [ RunTime:0.0000s ]
INFO: [ view_parse ] --START--
INFO: [ template_filter ] --START--
INFO: Run Behavior\ContentReplaceBehavior [ RunTime:0.000000s ]
INFO: [ template_filter ] --END-- [ RunTime:0.000000s ]
INFO: Run Behavior\ParseTemplateBehavior [ RunTime:0.010001s ]
INFO: [ view_parse ] --END-- [ RunTime:0.010001s ]
INFO: [ view_filter ] --START--
INFO: Run Behavior\WriteHtmlCacheBehavior [ RunTime:0.000000s ]
INFO: [ view_filter ] --END-- [ RunTime:0.000000s ]
INFO: [ app_end ] --START--
INFO: Run Behavior\ShowPageTraceBehavior [ RunTime:0.000000s ]
INFO: [ app_end ] --END-- [ RunTime:0.000000s ]

[ 2017-02-15T10:41:04+08:00 ] 127.0.0.1 /index.php/niceshow/resource/index
INFO: [ app_init ] --START--
INFO: Run Behavior\BuildLiteBehavior [ RunTime:0.000000s ]
INFO: [ app_init ] --END-- [ RunTime:0.000000s ]
INFO: [ app_begin ] --START--
INFO: Run Behavior\ReadHtmlCacheBehavior [ RunTime:0.001001s ]
INFO: [ app_begin ] --END-- [ RunTime:0.001001s ]
SQL: SHOW COLUMNS FROM `user` [ RunTime:0.0000s ]
NOTIC: [8] Use of undefined constant id - assumed 'id' C:\wamp\wamp\www\Application\Niceshow\Controller\ResourceController.class.php 第 20 行.
SQL: SELECT COUNT(id) AS tp_count FROM `user` LIMIT 1   [ RunTime:0.0010s ]
SQL: SET NAMES utf8 [ RunTime:0.0000s ]
SQL: select * from  user limit  0,20 [ RunTime:0.0010s ]
INFO: [ view_parse ] --START--
INFO: [ template_filter ] --START--
INFO: Run Behavior\ContentReplaceBehavior [ RunTime:0.000000s ]
INFO: [ template_filter ] --END-- [ RunTime:0.000000s ]
INFO: Run Behavior\ParseTemplateBehavior [ RunTime:0.012000s ]
INFO: [ view_parse ] --END-- [ RunTime:0.012000s ]
INFO: [ view_filter ] --START--
INFO: Run Behavior\WriteHtmlCacheBehavior [ RunTime:0.000000s ]
INFO: [ view_filter ] --END-- [ RunTime:0.001000s ]
INFO: [ app_end ] --START--
INFO: Run Behavior\ShowPageTraceBehavior [ RunTime:0.000000s ]
INFO: [ app_end ] --END-- [ RunTime:0.001000s ]

[ 2017-02-15T10:41:05+08:00 ] 127.0.0.1 /index.php/niceshow/resource/index
INFO: [ app_init ] --START--
INFO: Run Behavior\BuildLiteBehavior [ RunTime:0.000000s ]
INFO: [ app_init ] --END-- [ RunTime:0.001000s ]
INFO: [ app_begin ] --START--
INFO: Run Behavior\ReadHtmlCacheBehavior [ RunTime:0.001000s ]
INFO: [ app_begin ] --END-- [ RunTime:0.001000s ]
SQL: SHOW COLUMNS FROM `user` [ RunTime:0.0000s ]
NOTIC: [8] Use of undefined constant id - assumed 'id' C:\wamp\wamp\www\Application\Niceshow\Controller\ResourceController.class.php 第 20 行.
SQL: SELECT COUNT(id) AS tp_count FROM `user` LIMIT 1   [ RunTime:0.0000s ]
SQL: SET NAMES utf8 [ RunTime:0.0000s ]
SQL: select * from  user limit  0,20 [ RunTime:0.0000s ]
INFO: [ view_parse ] --START--
INFO: [ template_filter ] --START--
INFO: Run Behavior\ContentReplaceBehavior [ RunTime:0.000000s ]
INFO: [ template_filter ] --END-- [ RunTime:0.000000s ]
INFO: Run Behavior\ParseTemplateBehavior [ RunTime:0.010000s ]
INFO: [ view_parse ] --END-- [ RunTime:0.010000s ]
INFO: [ view_filter ] --START--
INFO: Run Behavior\WriteHtmlCacheBehavior [ RunTime:0.001000s ]
INFO: [ view_filter ] --END-- [ RunTime:0.001000s ]
INFO: [ app_end ] --START--
INFO: Run Behavior\ShowPageTraceBehavior [ RunTime:0.001000s ]
INFO: [ app_end ] --END-- [ RunTime:0.001000s ]

[ 2017-02-15T10:41:05+08:00 ] 127.0.0.1 /index.php/niceshow/resource/index
INFO: [ app_init ] --START--
INFO: Run Behavior\BuildLiteBehavior [ RunTime:0.000000s ]
INFO: [ app_init ] --END-- [ RunTime:0.000000s ]
INFO: [ app_begin ] --START--
INFO: Run Behavior\ReadHtmlCacheBehavior [ RunTime:0.000000s ]
INFO: [ app_begin ] --END-- [ RunTime:0.001000s ]
SQL: SHOW COLUMNS FROM `user` [ RunTime:0.0020s ]
NOTIC: [8] Use of undefined constant id - assumed 'id' C:\wamp\wamp\www\Application\Niceshow\Controller\ResourceController.class.php 第 20 行.
SQL: SELECT COUNT(id) AS tp_count FROM `user` LIMIT 1   [ RunTime:0.0010s ]
SQL: SET NAMES utf8 [ RunTime:0.0000s ]
SQL: select * from  user limit  0,20 [ RunTime:0.0010s ]
INFO: [ view_parse ] --START--
INFO: [ template_filter ] --START--
INFO: Run Behavior\ContentReplaceBehavior [ RunTime:0.000000s ]
INFO: [ template_filter ] --END-- [ RunTime:0.001001s ]
INFO: Run Behavior\ParseTemplateBehavior [ RunTime:0.011001s ]
INFO: [ view_parse ] --END-- [ RunTime:0.011001s ]
INFO: [ view_filter ] --START--
INFO: Run Behavior\WriteHtmlCacheBehavior [ RunTime:0.000000s ]
INFO: [ view_filter ] --END-- [ RunTime:0.000000s ]
INFO: [ app_end ] --START--
INFO: Run Behavior\ShowPageTraceBehavior [ RunTime:0.000000s ]
INFO: [ app_end ] --END-- [ RunTime:0.000000s ]

[ 2017-02-15T10:41:05+08:00 ] 127.0.0.1 /index.php/niceshow/resource/index
INFO: [ app_init ] --START--
INFO: Run Behavior\BuildLiteBehavior [ RunTime:0.000000s ]
INFO: [ app_init ] --END-- [ RunTime:0.001000s ]
INFO: [ app_begin ] --START--
INFO: Run Behavior\ReadHtmlCacheBehavior [ RunTime:0.001000s ]
INFO: [ app_begin ] --END-- [ RunTime:0.001000s ]
SQL: SHOW COLUMNS FROM `user` [ RunTime:0.0000s ]
NOTIC: [8] Use of undefined constant id - assumed 'id' C:\wamp\wamp\www\Application\Niceshow\Controller\ResourceController.class.php 第 20 行.
SQL: SELECT COUNT(id) AS tp_count FROM `user` LIMIT 1   [ RunTime:0.0020s ]
SQL: SET NAMES utf8 [ RunTime:0.0010s ]
SQL: select * from  user limit  0,20 [ RunTime:0.0000s ]
INFO: [ view_parse ] --START--
INFO: [ template_filter ] --START--
INFO: Run Behavior\ContentReplaceBehavior [ RunTime:0.000000s ]
INFO: [ template_filter ] --END-- [ RunTime:0.000000s ]
INFO: Run Behavior\ParseTemplateBehavior [ RunTime:0.009000s ]
INFO: [ view_parse ] --END-- [ RunTime:0.009000s ]
INFO: [ view_filter ] --START--
INFO: Run Behavior\WriteHtmlCacheBehavior [ RunTime:0.000000s ]
INFO: [ view_filter ] --END-- [ RunTime:0.001000s ]
INFO: [ app_end ] --START--
INFO: Run Behavior\ShowPageTraceBehavior [ RunTime:0.000000s ]
INFO: [ app_end ] --END-- [ RunTime:0.001000s ]

[ 2017-02-15T10:41:05+08:00 ] 127.0.0.1 /index.php/niceshow/resource/index
INFO: [ app_init ] --START--
INFO: Run Behavior\BuildLiteBehavior [ RunTime:0.000000s ]
INFO: [ app_init ] --END-- [ RunTime:0.001000s ]
INFO: [ app_begin ] --START--
INFO: Run Behavior\ReadHtmlCacheBehavior [ RunTime:0.001000s ]
INFO: [ app_begin ] --END-- [ RunTime:0.001000s ]
SQL: SHOW COLUMNS FROM `user` [ RunTime:0.0000s ]
NOTIC: [8] Use of undefined constant id - assumed 'id' C:\wamp\wamp\www\Application\Niceshow\Controller\ResourceController.class.php 第 20 行.
SQL: SELECT COUNT(id) AS tp_count FROM `user` LIMIT 1   [ RunTime:0.0010s ]
SQL: SET NAMES utf8 [ RunTime:0.0000s ]
SQL: select * from  user limit  0,20 [ RunTime:0.0010s ]
INFO: [ view_parse ] --START--
INFO: [ template_filter ] --START--
INFO: Run Behavior\ContentReplaceBehavior [ RunTime:0.000000s ]
INFO: [ template_filter ] --END-- [ RunTime:0.001000s ]
INFO: Run Behavior\ParseTemplateBehavior [ RunTime:0.011000s ]
INFO: [ view_parse ] --END-- [ RunTime:0.011000s ]
INFO: [ view_filter ] --START--
INFO: Run Behavior\WriteHtmlCacheBehavior [ RunTime:0.000000s ]
INFO: [ view_filter ] --END-- [ RunTime:0.001000s ]
INFO: [ app_end ] --START--
INFO: Run Behavior\ShowPageTraceBehavior [ RunTime:0.000000s ]
INFO: [ app_end ] --END-- [ RunTime:0.000000s ]

[ 2017-02-15T10:41:05+08:00 ] 127.0.0.1 /index.php/niceshow/resource/index
INFO: [ app_init ] --START--
INFO: Run Behavior\BuildLiteBehavior [ RunTime:0.000000s ]
INFO: [ app_init ] --END-- [ RunTime:0.000000s ]
INFO: [ app_begin ] --START--
INFO: Run Behavior\ReadHtmlCacheBehavior [ RunTime:0.000000s ]
INFO: [ app_begin ] --END-- [ RunTime:0.001000s ]
SQL: SHOW COLUMNS FROM `user` [ RunTime:0.0000s ]
NOTIC: [8] Use of undefined constant id - assumed 'id' C:\wamp\wamp\www\Application\Niceshow\Controller\ResourceController.class.php 第 20 行.
SQL: SELECT COUNT(id) AS tp_count FROM `user` LIMIT 1   [ RunTime:0.0000s ]
SQL: SET NAMES utf8 [ RunTime:0.0000s ]
SQL: select * from  user limit  0,20 [ RunTime:0.0000s ]
INFO: [ view_parse ] --START--
INFO: [ template_filter ] --START--
INFO: Run Behavior\ContentReplaceBehavior [ RunTime:0.000000s ]
INFO: [ template_filter ] --END-- [ RunTime:0.000000s ]
INFO: Run Behavior\ParseTemplateBehavior [ RunTime:0.011001s ]
INFO: [ view_parse ] --END-- [ RunTime:0.012001s ]
INFO: [ view_filter ] --START--
INFO: Run Behavior\WriteHtmlCacheBehavior [ RunTime:0.001000s ]
INFO: [ view_filter ] --END-- [ RunTime:0.001000s ]
INFO: [ app_end ] --START--
INFO: Run Behavior\ShowPageTraceBehavior [ RunTime:0.000000s ]
INFO: [ app_end ] --END-- [ RunTime:0.001000s ]

[ 2017-02-15T10:41:07+08:00 ] 127.0.0.1 /index.php/niceshow/resource/index
INFO: [ app_init ] --START--
INFO: Run Behavior\BuildLiteBehavior [ RunTime:0.000000s ]
INFO: [ app_init ] --END-- [ RunTime:0.001000s ]
INFO: [ app_begin ] --START--
INFO: Run Behavior\ReadHtmlCacheBehavior [ RunTime:0.000000s ]
INFO: [ app_begin ] --END-- [ RunTime:0.001000s ]
SQL: SHOW COLUMNS FROM `user` [ RunTime:0.0010s ]
NOTIC: [8] Use of undefined constant id - assumed 'id' C:\wamp\wamp\www\Application\Niceshow\Controller\ResourceController.class.php 第 20 行.
SQL: SELECT COUNT(id) AS tp_count FROM `user` LIMIT 1   [ RunTime:0.0000s ]
SQL: SET NAMES utf8 [ RunTime:0.0000s ]
SQL: select * from  user limit  0,20 [ RunTime:0.0000s ]
INFO: [ view_parse ] --START--
INFO: [ template_filter ] --START--
INFO: Run Behavior\ContentReplaceBehavior [ RunTime:0.000000s ]
INFO: [ template_filter ] --END-- [ RunTime:0.000000s ]
INFO: Run Behavior\ParseTemplateBehavior [ RunTime:0.009001s ]
INFO: [ view_parse ] --END-- [ RunTime:0.010001s ]
INFO: [ view_filter ] --START--
INFO: Run Behavior\WriteHtmlCacheBehavior [ RunTime:0.000000s ]
INFO: [ view_filter ] --END-- [ RunTime:0.000000s ]
INFO: [ app_end ] --START--
INFO: Run Behavior\ShowPageTraceBehavior [ RunTime:0.000000s ]
INFO: [ app_end ] --END-- [ RunTime:0.001000s ]

[ 2017-02-15T10:41:43+08:00 ] 127.0.0.1 /index.php/niceshow/resource/index
INFO: [ app_init ] --START--
INFO: Run Behavior\BuildLiteBehavior [ RunTime:0.000000s ]
INFO: [ app_init ] --END-- [ RunTime:0.000000s ]
INFO: [ app_begin ] --START--
INFO: Run Behavior\ReadHtmlCacheBehavior [ RunTime:0.000000s ]
INFO: [ app_begin ] --END-- [ RunTime:0.000000s ]
SQL: SHOW COLUMNS FROM `user` [ RunTime:0.0010s ]
NOTIC: [8] Use of undefined constant id - assumed 'id' C:\wamp\wamp\www\Application\Niceshow\Controller\ResourceController.class.php 第 20 行.
SQL: SELECT COUNT(id) AS tp_count FROM `user` LIMIT 1   [ RunTime:0.0000s ]
SQL: SET NAMES utf8 [ RunTime:0.0000s ]
SQL: select * from  user limit  0,20 [ RunTime:0.0000s ]
INFO: [ view_parse ] --START--
INFO: [ template_filter ] --START--
INFO: Run Behavior\ContentReplaceBehavior [ RunTime:0.000000s ]
INFO: [ template_filter ] --END-- [ RunTime:0.000000s ]
INFO: Run Behavior\ParseTemplateBehavior [ RunTime:0.011001s ]
INFO: [ view_parse ] --END-- [ RunTime:0.011001s ]
INFO: [ view_filter ] --START--
INFO: Run Behavior\WriteHtmlCacheBehavior [ RunTime:0.000000s ]
INFO: [ view_filter ] --END-- [ RunTime:0.001000s ]
INFO: [ app_end ] --START--
INFO: Run Behavior\ShowPageTraceBehavior [ RunTime:0.000000s ]
INFO: [ app_end ] --END-- [ RunTime:0.001000s ]

[ 2017-02-15T10:45:40+08:00 ] 127.0.0.1 /index.php/niceshow/resource/index
INFO: [ app_init ] --START--
INFO: Run Behavior\BuildLiteBehavior [ RunTime:0.000000s ]
INFO: [ app_init ] --END-- [ RunTime:0.001000s ]
INFO: [ app_begin ] --START--
INFO: Run Behavior\ReadHtmlCacheBehavior [ RunTime:0.001000s ]
INFO: [ app_begin ] --END-- [ RunTime:0.001000s ]
SQL: SHOW COLUMNS FROM `user` [ RunTime:0.0000s ]
NOTIC: [8] Use of undefined constant id - assumed 'id' C:\wamp\wamp\www\Application\Niceshow\Controller\ResourceController.class.php 第 20 行.
SQL: SELECT COUNT(id) AS tp_count FROM `user` LIMIT 1   [ RunTime:0.0010s ]
SQL: SET NAMES utf8 [ RunTime:0.0000s ]
SQL: select * from  user limit  0,20 [ RunTime:0.0000s ]
INFO: [ view_filter ] --START--
INFO: Run Behavior\WriteHtmlCacheBehavior [ RunTime:0.001000s ]
INFO: [ view_filter ] --END-- [ RunTime:0.001000s ]
INFO: [ app_end ] --START--
INFO: Run Behavior\ShowPageTraceBehavior [ RunTime:0.003000s ]
INFO: [ app_end ] --END-- [ RunTime:0.003000s ]

[ 2017-02-15T10:48:35+08:00 ] 127.0.0.1 /index.php/niceshow/resource/index
INFO: [ app_init ] --START--
INFO: Run Behavior\BuildLiteBehavior [ RunTime:0.000000s ]
INFO: [ app_init ] --END-- [ RunTime:0.001000s ]
INFO: [ app_begin ] --START--
INFO: Run Behavior\ReadHtmlCacheBehavior [ RunTime:0.001000s ]
INFO: [ app_begin ] --END-- [ RunTime:0.001000s ]
SQL: SHOW COLUMNS FROM `user` [ RunTime:0.0010s ]
NOTIC: [8] Use of undefined constant id - assumed 'id' C:\wamp\wamp\www\Application\Niceshow\Controller\ResourceController.class.php 第 20 行.
SQL: SELECT COUNT(id) AS tp_count FROM `user` LIMIT 1   [ RunTime:0.0000s ]
SQL: SET NAMES utf8 [ RunTime:0.0000s ]
SQL: select * from  user limit  0,20 [ RunTime:0.0010s ]
INFO: [ view_filter ] --START--
INFO: Run Behavior\WriteHtmlCacheBehavior [ RunTime:0.001000s ]
INFO: [ view_filter ] --END-- [ RunTime:0.001000s ]
INFO: [ app_end ] --START--
INFO: Run Behavior\ShowPageTraceBehavior [ RunTime:0.001000s ]
INFO: [ app_end ] --END-- [ RunTime:0.001000s ]

[ 2017-02-15T10:49:01+08:00 ] 127.0.0.1 /index.php/niceshow/resource/index
INFO: [ app_init ] --START--
INFO: Run Behavior\BuildLiteBehavior [ RunTime:0.000000s ]
INFO: [ app_init ] --END-- [ RunTime:0.001000s ]
INFO: [ app_begin ] --START--
INFO: Run Behavior\ReadHtmlCacheBehavior [ RunTime:0.001000s ]
INFO: [ app_begin ] --END-- [ RunTime:0.002000s ]
SQL: SHOW COLUMNS FROM `user` [ RunTime:0.0010s ]
NOTIC: [8] Use of undefined constant id - assumed 'id' C:\wamp\wamp\www\Application\Niceshow\Controller\ResourceController.class.php 第 20 行.
SQL: SELECT COUNT(id) AS tp_count FROM `user` LIMIT 1   [ RunTime:0.0000s ]
SQL: SET NAMES utf8 [ RunTime:0.0000s ]
SQL: select * from  user limit  0,20 [ RunTime:0.0000s ]
INFO: [ view_parse ] --START--
INFO: [ template_filter ] --START--
INFO: Run Behavior\ContentReplaceBehavior [ RunTime:0.000000s ]
INFO: [ template_filter ] --END-- [ RunTime:0.000000s ]
INFO: Run Behavior\ParseTemplateBehavior [ RunTime:0.010000s ]
INFO: [ view_parse ] --END-- [ RunTime:0.010000s ]
INFO: [ view_filter ] --START--
INFO: Run Behavior\WriteHtmlCacheBehavior [ RunTime:0.001001s ]
INFO: [ view_filter ] --END-- [ RunTime:0.001001s ]
INFO: [ app_end ] --START--
INFO: Run Behavior\ShowPageTraceBehavior [ RunTime:0.001000s ]
INFO: [ app_end ] --END-- [ RunTime:0.001000s ]

