[ 2017-03-11T05:04:31+08:00 ] 54.224.66.52 /
INFO: [ app_init ] --START--
INFO: Run Behavior\BuildLiteBehavior [ RunTime:0.000016s ]
INFO: [ app_init ] --END-- [ RunTime:0.000372s ]
INFO: [ app_begin ] --START--
INFO: Run Behavior\ReadHtmlCacheBehavior [ RunTime:0.000479s ]
INFO: [ app_begin ] --END-- [ RunTime:0.000549s ]
SQL: SHOW COLUMNS FROM `t_article` [ RunTime:0.0017s ]
SQL: SET NAMES utf8 [ RunTime:0.0011s ]
SQL:  select a.article_content,a.id,a.create_time,b.user_name from t_article as a join t_user as b on a.user_id=b.id  [ RunTime:0.0015s ]
INFO: [ view_parse ] --START--
NOTIC: [8] Undefined index: name /data/home/bxu2442600368/htdocs/Application/Runtime/Cache/1d6e4275ab557d5e1812a747d0737c7b837c4645.file.index.html.php 第 68 行.
NOTIC: [8] Undefined index: name /data/home/bxu2442600368/htdocs/Application/Runtime/Cache/1d6e4275ab557d5e1812a747d0737c7b837c4645.file.index.html.php 第 68 行.
NOTIC: [8] Undefined index: name /data/home/bxu2442600368/htdocs/Application/Runtime/Cache/1d6e4275ab557d5e1812a747d0737c7b837c4645.file.index.html.php 第 68 行.
INFO: Run Behavior\ParseTemplateBehavior [ RunTime:0.012345s ]
INFO: [ view_parse ] --END-- [ RunTime:0.012385s ]
INFO: [ view_filter ] --START--
INFO: Run Behavior\WriteHtmlCacheBehavior [ RunTime:0.000280s ]
INFO: [ view_filter ] --END-- [ RunTime:0.000315s ]
INFO: [ app_end ] --START--
INFO: Run Behavior\ShowPageTraceBehavior [ RunTime:0.000533s ]
INFO: [ app_end ] --END-- [ RunTime:0.000578s ]

[ 2017-03-11T11:09:47+08:00 ] 61.135.165.7 /
INFO: [ app_init ] --START--
INFO: Run Behavior\BuildLiteBehavior [ RunTime:0.000018s ]
INFO: [ app_init ] --END-- [ RunTime:0.000411s ]
INFO: [ app_begin ] --START--
INFO: Run Behavior\ReadHtmlCacheBehavior [ RunTime:0.000486s ]
INFO: [ app_begin ] --END-- [ RunTime:0.000546s ]
SQL: SHOW COLUMNS FROM `t_article` [ RunTime:0.0017s ]
SQL: SET NAMES utf8 [ RunTime:0.0011s ]
SQL:  select a.article_content,a.id,a.create_time,b.user_name from t_article as a join t_user as b on a.user_id=b.id  [ RunTime:0.0016s ]
INFO: [ view_parse ] --START--
NOTIC: [8] Undefined index: name /data/home/bxu2442600368/htdocs/Application/Runtime/Cache/1d6e4275ab557d5e1812a747d0737c7b837c4645.file.index.html.php 第 68 行.
NOTIC: [8] Undefined index: name /data/home/bxu2442600368/htdocs/Application/Runtime/Cache/1d6e4275ab557d5e1812a747d0737c7b837c4645.file.index.html.php 第 68 行.
NOTIC: [8] Undefined index: name /data/home/bxu2442600368/htdocs/Application/Runtime/Cache/1d6e4275ab557d5e1812a747d0737c7b837c4645.file.index.html.php 第 68 行.
INFO: Run Behavior\ParseTemplateBehavior [ RunTime:0.009768s ]
INFO: [ view_parse ] --END-- [ RunTime:0.009809s ]
INFO: [ view_filter ] --START--
INFO: Run Behavior\WriteHtmlCacheBehavior [ RunTime:0.000252s ]
INFO: [ view_filter ] --END-- [ RunTime:0.000288s ]
INFO: [ app_end ] --START--
INFO: Run Behavior\ShowPageTraceBehavior [ RunTime:0.000604s ]
INFO: [ app_end ] --END-- [ RunTime:0.000645s ]

