[ 2017-03-10T14:31:36+08:00 ] 127.0.0.1 /index.php/index/index/index
INFO: [ app_init ] --START--
INFO: Run Behavior\BuildLiteBehavior [ RunTime:0.000000s ]
INFO: [ app_init ] --END-- [ RunTime:0.006000s ]
INFO: [ app_begin ] --START--
INFO: Run Behavior\ReadHtmlCacheBehavior [ RunTime:0.001000s ]
INFO: [ app_begin ] --END-- [ RunTime:0.001000s ]

[ 2017-03-10T14:32:13+08:00 ] 127.0.0.1 /index.php/index/index/index
INFO: [ app_init ] --START--
INFO: Run Behavior\BuildLiteBehavior [ RunTime:0.001000s ]
INFO: [ app_init ] --END-- [ RunTime:0.008000s ]
INFO: [ app_begin ] --START--
INFO: Run Behavior\ReadHtmlCacheBehavior [ RunTime:0.001000s ]
INFO: [ app_begin ] --END-- [ RunTime:0.001000s ]

[ 2017-03-10T14:32:14+08:00 ] 127.0.0.1 /index.php/index/index/index
INFO: [ app_init ] --START--
INFO: Run Behavior\BuildLiteBehavior [ RunTime:0.000000s ]
INFO: [ app_init ] --END-- [ RunTime:0.001000s ]
INFO: [ app_begin ] --START--
INFO: Run Behavior\ReadHtmlCacheBehavior [ RunTime:0.001000s ]
INFO: [ app_begin ] --END-- [ RunTime:0.001000s ]

[ 2017-03-10T14:32:54+08:00 ] 127.0.0.1 /index.php/index/index/index
INFO: [ app_init ] --START--
INFO: Run Behavior\BuildLiteBehavior [ RunTime:0.000000s ]
INFO: [ app_init ] --END-- [ RunTime:0.004501s ]
INFO: [ app_begin ] --START--
INFO: Run Behavior\ReadHtmlCacheBehavior [ RunTime:0.007000s ]
INFO: [ app_begin ] --END-- [ RunTime:0.007000s ]

[ 2017-03-10T14:32:54+08:00 ] 127.0.0.1 /index.php/index/index/index
INFO: [ app_init ] --START--
INFO: Run Behavior\BuildLiteBehavior [ RunTime:0.000000s ]
INFO: [ app_init ] --END-- [ RunTime:0.002001s ]
INFO: [ app_begin ] --START--
INFO: Run Behavior\ReadHtmlCacheBehavior [ RunTime:0.000000s ]
INFO: [ app_begin ] --END-- [ RunTime:0.001000s ]

[ 2017-03-10T14:32:55+08:00 ] 127.0.0.1 /index.php/index/index/index
INFO: [ app_init ] --START--
INFO: Run Behavior\BuildLiteBehavior [ RunTime:0.000000s ]
INFO: [ app_init ] --END-- [ RunTime:0.000000s ]
INFO: [ app_begin ] --START--
INFO: Run Behavior\ReadHtmlCacheBehavior [ RunTime:0.000000s ]
INFO: [ app_begin ] --END-- [ RunTime:0.001000s ]

[ 2017-03-10T14:32:55+08:00 ] 127.0.0.1 /index.php/index/index/index
INFO: [ app_init ] --START--
INFO: Run Behavior\BuildLiteBehavior [ RunTime:0.000000s ]
INFO: [ app_init ] --END-- [ RunTime:0.001000s ]
INFO: [ app_begin ] --START--
INFO: Run Behavior\ReadHtmlCacheBehavior [ RunTime:0.001000s ]
INFO: [ app_begin ] --END-- [ RunTime:0.002000s ]

[ 2017-03-10T14:32:56+08:00 ] 127.0.0.1 /index.php/index/index/index
INFO: [ app_init ] --START--
INFO: Run Behavior\BuildLiteBehavior [ RunTime:0.000000s ]
INFO: [ app_init ] --END-- [ RunTime:0.000000s ]
INFO: [ app_begin ] --START--
INFO: Run Behavior\ReadHtmlCacheBehavior [ RunTime:0.001000s ]
INFO: [ app_begin ] --END-- [ RunTime:0.002000s ]

[ 2017-03-10T14:33:09+08:00 ] 127.0.0.1 /index.php/index/index/index
INFO: [ app_init ] --START--
INFO: Run Behavior\BuildLiteBehavior [ RunTime:0.000000s ]
INFO: [ app_init ] --END-- [ RunTime:0.002000s ]
INFO: [ app_begin ] --START--
INFO: Run Behavior\ReadHtmlCacheBehavior [ RunTime:0.001000s ]
INFO: [ app_begin ] --END-- [ RunTime:0.001000s ]

[ 2017-03-10T14:33:10+08:00 ] 127.0.0.1 /index.php/index/index/index
INFO: [ app_init ] --START--
INFO: Run Behavior\BuildLiteBehavior [ RunTime:0.000000s ]
INFO: [ app_init ] --END-- [ RunTime:0.001000s ]
INFO: [ app_begin ] --START--
INFO: Run Behavior\ReadHtmlCacheBehavior [ RunTime:0.001001s ]
INFO: [ app_begin ] --END-- [ RunTime:0.001001s ]

[ 2017-03-10T14:33:22+08:00 ] 127.0.0.1 /index.php/index/index/index
INFO: [ app_init ] --START--
INFO: Run Behavior\BuildLiteBehavior [ RunTime:0.000000s ]
INFO: [ app_init ] --END-- [ RunTime:0.000500s ]
INFO: [ app_begin ] --START--
INFO: Run Behavior\ReadHtmlCacheBehavior [ RunTime:0.006501s ]
INFO: [ app_begin ] --END-- [ RunTime:0.006501s ]

[ 2017-03-10T14:33:22+08:00 ] 127.0.0.1 /index.php/index/index/index
INFO: [ app_init ] --START--
INFO: Run Behavior\BuildLiteBehavior [ RunTime:0.000000s ]
INFO: [ app_init ] --END-- [ RunTime:0.001000s ]
INFO: [ app_begin ] --START--
INFO: Run Behavior\ReadHtmlCacheBehavior [ RunTime:0.001000s ]
INFO: [ app_begin ] --END-- [ RunTime:0.001000s ]

[ 2017-03-10T14:33:28+08:00 ] 127.0.0.1 /index.php/index/index/index
INFO: [ app_init ] --START--
INFO: Run Behavior\BuildLiteBehavior [ RunTime:0.000000s ]
INFO: [ app_init ] --END-- [ RunTime:0.001000s ]
INFO: [ app_begin ] --START--
INFO: Run Behavior\ReadHtmlCacheBehavior [ RunTime:0.000500s ]
INFO: [ app_begin ] --END-- [ RunTime:0.001000s ]

[ 2017-03-10T14:33:42+08:00 ] 127.0.0.1 /index.php/index/index/index
INFO: [ app_init ] --START--
INFO: Run Behavior\BuildLiteBehavior [ RunTime:0.000000s ]
INFO: [ app_init ] --END-- [ RunTime:0.000000s ]
INFO: [ app_begin ] --START--
INFO: Run Behavior\ReadHtmlCacheBehavior [ RunTime:0.000000s ]
INFO: [ app_begin ] --END-- [ RunTime:0.001000s ]

[ 2017-03-10T14:33:43+08:00 ] 127.0.0.1 /index.php/index/index/index
INFO: [ app_init ] --START--
INFO: Run Behavior\BuildLiteBehavior [ RunTime:0.000000s ]
INFO: [ app_init ] --END-- [ RunTime:0.001000s ]
INFO: [ app_begin ] --START--
INFO: Run Behavior\ReadHtmlCacheBehavior [ RunTime:0.001000s ]
INFO: [ app_begin ] --END-- [ RunTime:0.003001s ]

[ 2017-03-10T14:41:54+08:00 ] 127.0.0.1 /index/index/index
INFO: [ app_init ] --START--
INFO: Run Behavior\BuildLiteBehavior [ RunTime:0.000000s ]
INFO: [ app_init ] --END-- [ RunTime:0.001000s ]
INFO: [ app_begin ] --START--
INFO: Run Behavior\ReadHtmlCacheBehavior [ RunTime:0.001000s ]
INFO: [ app_begin ] --END-- [ RunTime:0.001500s ]
SQL: SHOW COLUMNS FROM `t_article` [ RunTime:0.0470s ]
NOTIC: [8] Use of undefined constant appid - assumed 'appid' C:\wamp\wamp\www\Application\Index\Controller\IndexController.class.php 第 51 行.
SQL: SET NAMES utf8 [ RunTime:0.0000s ]
SQL:  select a.article_content,a.id,a.create_time,b.user_name from t_article as a join t_user as b on a.user_id=b.id  [ RunTime:0.0010s ]
INFO: [ view_parse ] --START--
NOTIC: [8] Undefined index: name C:\wamp\wamp\www\Application\Runtime\Cache\114b671a9aacd43fc2c3e063330dd75fee80711a.file.index.html.php 第 68 行.
NOTIC: [8] Undefined index: name C:\wamp\wamp\www\Application\Runtime\Cache\114b671a9aacd43fc2c3e063330dd75fee80711a.file.index.html.php 第 68 行.
INFO: Run Behavior\ParseTemplateBehavior [ RunTime:0.026001s ]
INFO: [ view_parse ] --END-- [ RunTime:0.027001s ]
INFO: [ view_filter ] --START--
INFO: Run Behavior\WriteHtmlCacheBehavior [ RunTime:0.001000s ]
INFO: [ view_filter ] --END-- [ RunTime:0.001000s ]
INFO: [ app_end ] --START--
INFO: Run Behavior\ShowPageTraceBehavior [ RunTime:0.001001s ]
INFO: [ app_end ] --END-- [ RunTime:0.001001s ]

[ 2017-03-10T14:43:09+08:00 ] 127.0.0.1 /index/index/index
INFO: [ app_init ] --START--
INFO: Run Behavior\BuildLiteBehavior [ RunTime:0.000000s ]
INFO: [ app_init ] --END-- [ RunTime:0.001001s ]
INFO: [ app_begin ] --START--
INFO: Run Behavior\ReadHtmlCacheBehavior [ RunTime:0.001000s ]
INFO: [ app_begin ] --END-- [ RunTime:0.001000s ]
SQL: SHOW COLUMNS FROM `t_article` [ RunTime:0.0060s ]
SQL: SET NAMES utf8 [ RunTime:0.0010s ]
SQL:  select a.article_content,a.id,a.create_time,b.user_name from t_article as a join t_user as b on a.user_id=b.id  [ RunTime:0.0010s ]
INFO: [ view_parse ] --START--
NOTIC: [8] Undefined index: name C:\wamp\wamp\www\Application\Runtime\Cache\114b671a9aacd43fc2c3e063330dd75fee80711a.file.index.html.php 第 68 行.
NOTIC: [8] Undefined index: name C:\wamp\wamp\www\Application\Runtime\Cache\114b671a9aacd43fc2c3e063330dd75fee80711a.file.index.html.php 第 68 行.
INFO: Run Behavior\ParseTemplateBehavior [ RunTime:0.014001s ]
INFO: [ view_parse ] --END-- [ RunTime:0.014001s ]
INFO: [ view_filter ] --START--
INFO: Run Behavior\WriteHtmlCacheBehavior [ RunTime:0.000000s ]
INFO: [ view_filter ] --END-- [ RunTime:0.000000s ]
INFO: [ app_end ] --START--
INFO: Run Behavior\ShowPageTraceBehavior [ RunTime:0.000000s ]
INFO: [ app_end ] --END-- [ RunTime:0.000000s ]

[ 2017-03-10T14:43:11+08:00 ] 127.0.0.1 /index/index/index
INFO: [ app_init ] --START--
INFO: Run Behavior\BuildLiteBehavior [ RunTime:0.000000s ]
INFO: [ app_init ] --END-- [ RunTime:0.003000s ]
INFO: [ app_begin ] --START--
INFO: Run Behavior\ReadHtmlCacheBehavior [ RunTime:0.001001s ]
INFO: [ app_begin ] --END-- [ RunTime:0.002001s ]
SQL: SHOW COLUMNS FROM `t_article` [ RunTime:0.0030s ]
SQL: SET NAMES utf8 [ RunTime:0.0005s ]
SQL:  select a.article_content,a.id,a.create_time,b.user_name from t_article as a join t_user as b on a.user_id=b.id  [ RunTime:0.0000s ]
INFO: [ view_parse ] --START--
NOTIC: [8] Undefined index: name C:\wamp\wamp\www\Application\Runtime\Cache\114b671a9aacd43fc2c3e063330dd75fee80711a.file.index.html.php 第 68 行.
NOTIC: [8] Undefined index: name C:\wamp\wamp\www\Application\Runtime\Cache\114b671a9aacd43fc2c3e063330dd75fee80711a.file.index.html.php 第 68 行.
INFO: Run Behavior\ParseTemplateBehavior [ RunTime:0.017502s ]
INFO: [ view_parse ] --END-- [ RunTime:0.019502s ]
INFO: [ view_filter ] --START--
INFO: Run Behavior\WriteHtmlCacheBehavior [ RunTime:0.000000s ]
INFO: [ view_filter ] --END-- [ RunTime:0.000000s ]
INFO: [ app_end ] --START--
INFO: Run Behavior\ShowPageTraceBehavior [ RunTime:0.000000s ]
INFO: [ app_end ] --END-- [ RunTime:0.000000s ]

[ 2017-03-10T14:43:31+08:00 ] 127.0.0.1 /index/index/index
INFO: [ app_init ] --START--
INFO: Run Behavior\BuildLiteBehavior [ RunTime:0.000000s ]
INFO: [ app_init ] --END-- [ RunTime:0.001000s ]
INFO: [ app_begin ] --START--
INFO: Run Behavior\ReadHtmlCacheBehavior [ RunTime:0.000500s ]
INFO: [ app_begin ] --END-- [ RunTime:0.000500s ]
SQL: SHOW COLUMNS FROM `t_article` [ RunTime:0.0085s ]
SQL: SET NAMES utf8 [ RunTime:0.0005s ]
SQL:  select a.article_content,a.id,a.create_time,b.user_name from t_article as a join t_user as b on a.user_id=b.id  [ RunTime:0.0010s ]
INFO: [ view_parse ] --START--
NOTIC: [8] Undefined index: name C:\wamp\wamp\www\Application\Runtime\Cache\114b671a9aacd43fc2c3e063330dd75fee80711a.file.index.html.php 第 68 行.
NOTIC: [8] Undefined index: name C:\wamp\wamp\www\Application\Runtime\Cache\114b671a9aacd43fc2c3e063330dd75fee80711a.file.index.html.php 第 68 行.
INFO: Run Behavior\ParseTemplateBehavior [ RunTime:0.009001s ]
INFO: [ view_parse ] --END-- [ RunTime:0.009001s ]
INFO: [ view_filter ] --START--
INFO: Run Behavior\WriteHtmlCacheBehavior [ RunTime:0.000000s ]
INFO: [ view_filter ] --END-- [ RunTime:0.000500s ]
INFO: [ app_end ] --START--
INFO: Run Behavior\ShowPageTraceBehavior [ RunTime:0.000500s ]
INFO: [ app_end ] --END-- [ RunTime:0.001001s ]

[ 2017-03-10T14:43:32+08:00 ] 127.0.0.1 /index/index/index
INFO: [ app_init ] --START--
INFO: Run Behavior\BuildLiteBehavior [ RunTime:0.000000s ]
INFO: [ app_init ] --END-- [ RunTime:0.001001s ]
INFO: [ app_begin ] --START--
INFO: Run Behavior\ReadHtmlCacheBehavior [ RunTime:0.001000s ]
INFO: [ app_begin ] --END-- [ RunTime:0.001000s ]
SQL: SHOW COLUMNS FROM `t_article` [ RunTime:0.0050s ]
SQL: SET NAMES utf8 [ RunTime:0.0000s ]
SQL:  select a.article_content,a.id,a.create_time,b.user_name from t_article as a join t_user as b on a.user_id=b.id  [ RunTime:0.0000s ]
INFO: [ view_parse ] --START--
NOTIC: [8] Undefined index: name C:\wamp\wamp\www\Application\Runtime\Cache\114b671a9aacd43fc2c3e063330dd75fee80711a.file.index.html.php 第 68 行.
NOTIC: [8] Undefined index: name C:\wamp\wamp\www\Application\Runtime\Cache\114b671a9aacd43fc2c3e063330dd75fee80711a.file.index.html.php 第 68 行.
INFO: Run Behavior\ParseTemplateBehavior [ RunTime:0.016502s ]
INFO: [ view_parse ] --END-- [ RunTime:0.017502s ]
INFO: [ view_filter ] --START--
INFO: Run Behavior\WriteHtmlCacheBehavior [ RunTime:0.000500s ]
INFO: [ view_filter ] --END-- [ RunTime:0.000500s ]
INFO: [ app_end ] --START--
INFO: Run Behavior\ShowPageTraceBehavior [ RunTime:0.000500s ]
INFO: [ app_end ] --END-- [ RunTime:0.001000s ]

[ 2017-03-10T14:45:20+08:00 ] 127.0.0.1 /index/index/index
INFO: [ app_init ] --START--
INFO: Run Behavior\BuildLiteBehavior [ RunTime:0.000000s ]
INFO: [ app_init ] --END-- [ RunTime:0.000000s ]
INFO: [ app_begin ] --START--
INFO: Run Behavior\ReadHtmlCacheBehavior [ RunTime:0.001000s ]
INFO: [ app_begin ] --END-- [ RunTime:0.002500s ]

[ 2017-03-10T14:45:36+08:00 ] 127.0.0.1 /index/index/index
INFO: [ app_init ] --START--
INFO: Run Behavior\BuildLiteBehavior [ RunTime:0.000500s ]
INFO: [ app_init ] --END-- [ RunTime:0.000500s ]
INFO: [ app_begin ] --START--
INFO: Run Behavior\ReadHtmlCacheBehavior [ RunTime:0.000500s ]
INFO: [ app_begin ] --END-- [ RunTime:0.001000s ]
SQL: SHOW COLUMNS FROM `t_article` [ RunTime:0.0030s ]
SQL: SET NAMES utf8 [ RunTime:0.0010s ]
SQL:  select a.article_content,a.id,a.create_time,b.user_name from t_article as a join t_user as b on a.user_id=b.id  [ RunTime:0.0005s ]
INFO: [ view_parse ] --START--
NOTIC: [8] Undefined index: name C:\wamp\wamp\www\Application\Runtime\Cache\114b671a9aacd43fc2c3e063330dd75fee80711a.file.index.html.php 第 68 行.
NOTIC: [8] Undefined index: name C:\wamp\wamp\www\Application\Runtime\Cache\114b671a9aacd43fc2c3e063330dd75fee80711a.file.index.html.php 第 68 行.
INFO: Run Behavior\ParseTemplateBehavior [ RunTime:0.014502s ]
INFO: [ view_parse ] --END-- [ RunTime:0.015002s ]
INFO: [ view_filter ] --START--
INFO: Run Behavior\WriteHtmlCacheBehavior [ RunTime:0.000500s ]
INFO: [ view_filter ] --END-- [ RunTime:0.000500s ]
INFO: [ app_end ] --START--
INFO: Run Behavior\ShowPageTraceBehavior [ RunTime:0.003501s ]
INFO: [ app_end ] --END-- [ RunTime:0.006001s ]

[ 2017-03-10T15:20:19+08:00 ] 127.0.0.1 /index/index/index
INFO: [ app_init ] --START--
INFO: Run Behavior\BuildLiteBehavior [ RunTime:0.001000s ]
INFO: [ app_init ] --END-- [ RunTime:0.001000s ]
INFO: [ app_begin ] --START--
INFO: Run Behavior\ReadHtmlCacheBehavior [ RunTime:0.003000s ]
INFO: [ app_begin ] --END-- [ RunTime:0.003000s ]
SQL: SHOW COLUMNS FROM `t_article` [ RunTime:0.0040s ]

[ 2017-03-10T15:59:13+08:00 ] 127.0.0.1 /index.php/index/index/ff
INFO: [ app_init ] --START--
INFO: Run Behavior\BuildLiteBehavior [ RunTime:0.000000s ]
INFO: [ app_init ] --END-- [ RunTime:0.001000s ]
INFO: [ app_begin ] --START--
INFO: Run Behavior\ReadHtmlCacheBehavior [ RunTime:0.000500s ]
INFO: [ app_begin ] --END-- [ RunTime:0.001500s ]
SQL: SHOW COLUMNS FROM `t_article` [ RunTime:0.0040s ]
INFO: [ view_parse ] --START--
INFO: Run Behavior\ParseTemplateBehavior [ RunTime:0.019001s ]
INFO: [ view_parse ] --END-- [ RunTime:0.021002s ]
INFO: [ view_filter ] --START--
INFO: Run Behavior\WriteHtmlCacheBehavior [ RunTime:0.001000s ]
INFO: [ view_filter ] --END-- [ RunTime:0.001000s ]
INFO: [ app_end ] --START--
INFO: Run Behavior\ShowPageTraceBehavior [ RunTime:0.002000s ]
INFO: [ app_end ] --END-- [ RunTime:0.002000s ]

[ 2017-03-10T15:59:54+08:00 ] 127.0.0.1 /index.php/index/index/index
INFO: [ app_init ] --START--
INFO: Run Behavior\BuildLiteBehavior [ RunTime:0.000000s ]
INFO: [ app_init ] --END-- [ RunTime:0.000500s ]
INFO: [ app_begin ] --START--
INFO: Run Behavior\ReadHtmlCacheBehavior [ RunTime:0.000500s ]
INFO: [ app_begin ] --END-- [ RunTime:0.001000s ]

[ 2017-03-10T16:00:06+08:00 ] 127.0.0.1 /index.php/index/index/index
INFO: [ app_init ] --START--
INFO: Run Behavior\BuildLiteBehavior [ RunTime:0.000000s ]
INFO: [ app_init ] --END-- [ RunTime:0.001000s ]
INFO: [ app_begin ] --START--
INFO: Run Behavior\ReadHtmlCacheBehavior [ RunTime:0.000500s ]
INFO: [ app_begin ] --END-- [ RunTime:0.001000s ]
SQL: SHOW COLUMNS FROM `t_article` [ RunTime:0.0035s ]

[ 2017-03-10T16:00:32+08:00 ] 127.0.0.1 /index.php/index/index/index
INFO: [ app_init ] --START--
INFO: Run Behavior\BuildLiteBehavior [ RunTime:0.000000s ]
INFO: [ app_init ] --END-- [ RunTime:0.001000s ]
INFO: [ app_begin ] --START--
INFO: Run Behavior\ReadHtmlCacheBehavior [ RunTime:0.001000s ]
INFO: [ app_begin ] --END-- [ RunTime:0.001000s ]
SQL: SHOW COLUMNS FROM `t_article` [ RunTime:0.0030s ]

[ 2017-03-10T16:11:28+08:00 ] 127.0.0.1 /index.php/index/index/weixin
INFO: [ app_init ] --START--
INFO: Run Behavior\BuildLiteBehavior [ RunTime:0.001000s ]
INFO: [ app_init ] --END-- [ RunTime:0.002000s ]
INFO: [ app_begin ] --START--
INFO: Run Behavior\ReadHtmlCacheBehavior [ RunTime:0.001000s ]
INFO: [ app_begin ] --END-- [ RunTime:0.001000s ]
SQL: SHOW COLUMNS FROM `t_article` [ RunTime:0.0020s ]

[ 2017-03-10T16:11:52+08:00 ] 127.0.0.1 /index.php/index/index/index
INFO: [ app_init ] --START--
INFO: Run Behavior\BuildLiteBehavior [ RunTime:0.000000s ]
INFO: [ app_init ] --END-- [ RunTime:0.001000s ]
INFO: [ app_begin ] --START--
INFO: Run Behavior\ReadHtmlCacheBehavior [ RunTime:0.001000s ]
INFO: [ app_begin ] --END-- [ RunTime:0.001000s ]
SQL: SHOW COLUMNS FROM `t_article` [ RunTime:0.0030s ]
SQL: SET NAMES utf8 [ RunTime:0.0000s ]
SQL:  select a.article_content,a.id,a.create_time,b.user_name from t_article as a join t_user as b on a.user_id=b.id  [ RunTime:0.0000s ]
INFO: [ view_parse ] --START--
NOTIC: [8] Undefined index: name C:\wamp\wamp\www\Application\Runtime\Cache\114b671a9aacd43fc2c3e063330dd75fee80711a.file.index.html.php 第 68 行.
NOTIC: [8] Undefined index: name C:\wamp\wamp\www\Application\Runtime\Cache\114b671a9aacd43fc2c3e063330dd75fee80711a.file.index.html.php 第 68 行.
INFO: Run Behavior\ParseTemplateBehavior [ RunTime:0.017502s ]
INFO: [ view_parse ] --END-- [ RunTime:0.017502s ]
INFO: [ view_filter ] --START--
INFO: Run Behavior\WriteHtmlCacheBehavior [ RunTime:0.001000s ]
INFO: [ view_filter ] --END-- [ RunTime:0.002000s ]
INFO: [ app_end ] --START--
INFO: Run Behavior\ShowPageTraceBehavior [ RunTime:0.000501s ]
INFO: [ app_end ] --END-- [ RunTime:0.001001s ]

[ 2017-03-10T16:11:58+08:00 ] 127.0.0.1 /index.php/index/index/weixin
INFO: [ app_init ] --START--
INFO: Run Behavior\BuildLiteBehavior [ RunTime:0.000000s ]
INFO: [ app_init ] --END-- [ RunTime:0.000000s ]
INFO: [ app_begin ] --START--
INFO: Run Behavior\ReadHtmlCacheBehavior [ RunTime:0.001000s ]
INFO: [ app_begin ] --END-- [ RunTime:0.001000s ]
SQL: SHOW COLUMNS FROM `t_article` [ RunTime:0.0025s ]

[ 2017-03-10T17:08:04+08:00 ] 127.0.0.1 /index.php/index/index/index
INFO: [ app_init ] --START--
INFO: Run Behavior\BuildLiteBehavior [ RunTime:0.000000s ]
INFO: [ app_init ] --END-- [ RunTime:0.006001s ]
INFO: [ app_begin ] --START--
INFO: Run Behavior\ReadHtmlCacheBehavior [ RunTime:0.001000s ]
INFO: [ app_begin ] --END-- [ RunTime:0.001000s ]
SQL: SHOW COLUMNS FROM `t_article` [ RunTime:0.0060s ]
SQL: SET NAMES utf8 [ RunTime:0.0010s ]
SQL:  select a.article_content,a.id,a.create_time,b.user_name from t_article as a join t_user as b on a.user_id=b.id  [ RunTime:0.0000s ]
INFO: [ view_parse ] --START--
NOTIC: [8] Undefined index: name C:\wamp\wamp\www\Application\Runtime\Cache\114b671a9aacd43fc2c3e063330dd75fee80711a.file.index.html.php 第 68 行.
NOTIC: [8] Undefined index: name C:\wamp\wamp\www\Application\Runtime\Cache\114b671a9aacd43fc2c3e063330dd75fee80711a.file.index.html.php 第 68 行.
INFO: Run Behavior\ParseTemplateBehavior [ RunTime:0.019001s ]
INFO: [ view_parse ] --END-- [ RunTime:0.019001s ]
INFO: [ view_filter ] --START--
INFO: Run Behavior\WriteHtmlCacheBehavior [ RunTime:0.000000s ]
INFO: [ view_filter ] --END-- [ RunTime:0.000000s ]
INFO: [ app_end ] --START--
INFO: Run Behavior\ShowPageTraceBehavior [ RunTime:0.001000s ]
INFO: [ app_end ] --END-- [ RunTime:0.001000s ]

[ 2017-03-10T17:08:15+08:00 ] 127.0.0.1 /index.php/index/index/weixin
INFO: [ app_init ] --START--
INFO: Run Behavior\BuildLiteBehavior [ RunTime:0.000000s ]
INFO: [ app_init ] --END-- [ RunTime:0.001000s ]
INFO: [ app_begin ] --START--
INFO: Run Behavior\ReadHtmlCacheBehavior [ RunTime:0.001000s ]
INFO: [ app_begin ] --END-- [ RunTime:0.001000s ]
SQL: SHOW COLUMNS FROM `t_article` [ RunTime:0.0020s ]

[ 2017-03-10T17:09:33+08:00 ] 101.81.79.91 /index/index/weixin?winzoom=1
INFO: [ app_init ] --START--
INFO: Run Behavior\BuildLiteBehavior [ RunTime:0.000016s ]
INFO: [ app_init ] --END-- [ RunTime:0.000366s ]
INFO: [ app_begin ] --START--
INFO: Run Behavior\ReadHtmlCacheBehavior [ RunTime:0.000463s ]
INFO: [ app_begin ] --END-- [ RunTime:0.000510s ]
ERR: SQLSTATE[HY000] [2013] Lost connection to MySQL server at 'reading initial communication packet', system error: 111

[ 2017-03-10T17:09:41+08:00 ] 101.81.79.91 /index/index/weixin?winzoom=1
INFO: [ app_init ] --START--
INFO: Run Behavior\BuildLiteBehavior [ RunTime:0.000016s ]
INFO: [ app_init ] --END-- [ RunTime:0.000384s ]
INFO: [ app_begin ] --START--
INFO: Run Behavior\ReadHtmlCacheBehavior [ RunTime:0.000506s ]
INFO: [ app_begin ] --END-- [ RunTime:0.000554s ]
ERR: SQLSTATE[HY000] [2013] Lost connection to MySQL server at 'reading initial communication packet', system error: 111

[ 2017-03-10T17:10:51+08:00 ] 101.81.79.91 /index/index/weixin?winzoom=1
INFO: [ app_init ] --START--
INFO: Run Behavior\BuildLiteBehavior [ RunTime:0.000019s ]
INFO: [ app_init ] --END-- [ RunTime:0.000407s ]
INFO: [ app_begin ] --START--
INFO: Run Behavior\ReadHtmlCacheBehavior [ RunTime:0.000503s ]
INFO: [ app_begin ] --END-- [ RunTime:0.000555s ]
SQL: SHOW COLUMNS FROM `t_article` [ RunTime:0.0016s ]

[ 2017-03-10T17:10:56+08:00 ] 101.81.79.91 /index/index/weixin?code=021psv0j2YufeG00Do3j2cw80j2psv0I&state=STATE
INFO: [ app_init ] --START--
INFO: Run Behavior\BuildLiteBehavior [ RunTime:0.000018s ]
INFO: [ app_init ] --END-- [ RunTime:0.000398s ]
INFO: [ app_begin ] --START--
INFO: Run Behavior\ReadHtmlCacheBehavior [ RunTime:0.000499s ]
INFO: [ app_begin ] --END-- [ RunTime:0.000549s ]
SQL: SHOW COLUMNS FROM `t_article` [ RunTime:0.0029s ]
NOTIC: [8] Undefined index: openid /data/home/bxu2442600368/htdocs/Application/Index/Controller/IndexController.class.php 第 71 行.
INFO: [ app_end ] --START--
INFO: Run Behavior\ShowPageTraceBehavior [ RunTime:0.000805s ]
INFO: [ app_end ] --END-- [ RunTime:0.000864s ]

[ 2017-03-10T17:19:09+08:00 ] 58.247.206.143 /index/index/weixin?signature=b90eee2f24a3bc2953ba377b87c5d319996b1e08&timestamp=1489137550&nonce=1200768813&openid=oqdhFwPL7GwLTTplarU4DB5KXGuM
INFO: [ app_init ] --START--
INFO: Run Behavior\BuildLiteBehavior [ RunTime:0.000019s ]
INFO: [ app_init ] --END-- [ RunTime:0.000388s ]
INFO: [ app_begin ] --START--
INFO: Run Behavior\ReadHtmlCacheBehavior [ RunTime:0.000517s ]
INFO: [ app_begin ] --END-- [ RunTime:0.000568s ]
SQL: SHOW COLUMNS FROM `t_article` [ RunTime:0.0017s ]

[ 2017-03-10T17:19:09+08:00 ] 101.226.125.117 /index/index/weixin
INFO: [ app_init ] --START--
INFO: Run Behavior\BuildLiteBehavior [ RunTime:0.000018s ]
INFO: [ app_init ] --END-- [ RunTime:0.000423s ]
INFO: [ app_begin ] --START--
INFO: Run Behavior\ReadHtmlCacheBehavior [ RunTime:0.000535s ]
INFO: [ app_begin ] --END-- [ RunTime:0.000583s ]
SQL: SHOW COLUMNS FROM `t_article` [ RunTime:0.0018s ]

[ 2017-03-10T17:19:09+08:00 ] 117.185.24.135 /
INFO: [ app_init ] --START--
INFO: Run Behavior\BuildLiteBehavior [ RunTime:0.000014s ]
INFO: [ app_init ] --END-- [ RunTime:0.000349s ]
INFO: [ app_begin ] --START--
INFO: Run Behavior\ReadHtmlCacheBehavior [ RunTime:0.000487s ]
INFO: [ app_begin ] --END-- [ RunTime:0.000535s ]
SQL: SHOW COLUMNS FROM `t_article` [ RunTime:0.0013s ]
SQL: SET NAMES utf8 [ RunTime:0.0010s ]
SQL:  select a.article_content,a.id,a.create_time,b.user_name from t_article as a join t_user as b on a.user_id=b.id  [ RunTime:0.0015s ]
INFO: [ view_parse ] --START--
NOTIC: [2] chmod() has been disabled for security reasons /data/home/bxu2442600368/htdocs/ThinkPHP/Library/Vendor/Smarty/sysplugins/smarty_internal_write_file.php 第 61 行.
NOTIC: [8] Undefined index: name /data/home/bxu2442600368/htdocs/Application/Runtime/Cache/1d6e4275ab557d5e1812a747d0737c7b837c4645.file.index.html.php 第 68 行.
NOTIC: [8] Undefined index: name /data/home/bxu2442600368/htdocs/Application/Runtime/Cache/1d6e4275ab557d5e1812a747d0737c7b837c4645.file.index.html.php 第 68 行.
NOTIC: [8] Undefined index: name /data/home/bxu2442600368/htdocs/Application/Runtime/Cache/1d6e4275ab557d5e1812a747d0737c7b837c4645.file.index.html.php 第 68 行.
INFO: Run Behavior\ParseTemplateBehavior [ RunTime:0.039755s ]
INFO: [ view_parse ] --END-- [ RunTime:0.039801s ]
INFO: [ view_filter ] --START--
INFO: Run Behavior\WriteHtmlCacheBehavior [ RunTime:0.000249s ]
INFO: [ view_filter ] --END-- [ RunTime:0.000284s ]
INFO: [ app_end ] --START--
INFO: Run Behavior\ShowPageTraceBehavior [ RunTime:0.000527s ]
INFO: [ app_end ] --END-- [ RunTime:0.000572s ]

[ 2017-03-10T17:19:10+08:00 ] 101.226.125.117 /index/index/weixin?code=051cczTG0XAZWh2V1vVG0bFwTG0cczTt&state=STATE
INFO: [ app_init ] --START--
INFO: Run Behavior\BuildLiteBehavior [ RunTime:0.000016s ]
INFO: [ app_init ] --END-- [ RunTime:0.000354s ]
INFO: [ app_begin ] --START--
INFO: Run Behavior\ReadHtmlCacheBehavior [ RunTime:0.000467s ]
INFO: [ app_begin ] --END-- [ RunTime:0.000515s ]
SQL: SHOW COLUMNS FROM `t_article` [ RunTime:0.0015s ]
NOTIC: [8] Undefined index: openid /data/home/bxu2442600368/htdocs/Application/Index/Controller/IndexController.class.php 第 71 行.
INFO: [ app_end ] --START--
INFO: Run Behavior\ShowPageTraceBehavior [ RunTime:0.000695s ]
INFO: [ app_end ] --END-- [ RunTime:0.000759s ]

[ 2017-03-10T17:19:10+08:00 ] 101.226.125.117 /index/index/weixin?code=04148T772BZBFN0TsD572iOE77248T7m&state=STATE
INFO: [ app_init ] --START--
INFO: Run Behavior\BuildLiteBehavior [ RunTime:0.000016s ]
INFO: [ app_init ] --END-- [ RunTime:0.000384s ]
INFO: [ app_begin ] --START--
INFO: Run Behavior\ReadHtmlCacheBehavior [ RunTime:0.000501s ]
INFO: [ app_begin ] --END-- [ RunTime:0.000549s ]
SQL: SHOW COLUMNS FROM `t_article` [ RunTime:0.0015s ]
NOTIC: [8] Undefined index: openid /data/home/bxu2442600368/htdocs/Application/Index/Controller/IndexController.class.php 第 71 行.
INFO: [ app_end ] --START--
INFO: Run Behavior\ShowPageTraceBehavior [ RunTime:0.000691s ]
INFO: [ app_end ] --END-- [ RunTime:0.000770s ]

[ 2017-03-10T17:19:43+08:00 ] 58.247.206.143 /index/index/weixin?signature=1a1a7f604f1209de0b2b9f81fabcdc783a8406fe&timestamp=1489137584&nonce=296732210&openid=oqdhFwPL7GwLTTplarU4DB5KXGuM
INFO: [ app_init ] --START--
INFO: Run Behavior\BuildLiteBehavior [ RunTime:0.000024s ]
INFO: [ app_init ] --END-- [ RunTime:0.000411s ]
INFO: [ app_begin ] --START--
INFO: Run Behavior\ReadHtmlCacheBehavior [ RunTime:0.000492s ]
INFO: [ app_begin ] --END-- [ RunTime:0.000541s ]
SQL: SHOW COLUMNS FROM `t_article` [ RunTime:0.0014s ]

[ 2017-03-10T17:19:43+08:00 ] 101.226.125.117 /index/index/weixin
INFO: [ app_init ] --START--
INFO: Run Behavior\BuildLiteBehavior [ RunTime:0.000025s ]
INFO: [ app_init ] --END-- [ RunTime:0.000410s ]
INFO: [ app_begin ] --START--
INFO: Run Behavior\ReadHtmlCacheBehavior [ RunTime:0.000490s ]
INFO: [ app_begin ] --END-- [ RunTime:0.000545s ]
SQL: SHOW COLUMNS FROM `t_article` [ RunTime:0.0015s ]

[ 2017-03-10T17:19:44+08:00 ] 101.226.125.117 /index/index/weixin?code=021bhsFq1G3LWp0ST0Eq15FBFq1bhsFb&state=STATE
INFO: [ app_init ] --START--
INFO: Run Behavior\BuildLiteBehavior [ RunTime:0.000017s ]
INFO: [ app_init ] --END-- [ RunTime:0.000358s ]
INFO: [ app_begin ] --START--
INFO: Run Behavior\ReadHtmlCacheBehavior [ RunTime:0.000471s ]
INFO: [ app_begin ] --END-- [ RunTime:0.000518s ]
SQL: SHOW COLUMNS FROM `t_article` [ RunTime:0.0014s ]
NOTIC: [8] Undefined index: openid /data/home/bxu2442600368/htdocs/Application/Index/Controller/IndexController.class.php 第 71 行.
NOTIC: [8] Use of undefined constant test - assumed 'test' /data/home/bxu2442600368/htdocs/Application/Index/Controller/IndexController.class.php 第 72 行.
INFO: [ view_parse ] --START--
NOTIC: [2] chmod() has been disabled for security reasons /data/home/bxu2442600368/htdocs/ThinkPHP/Library/Vendor/Smarty/sysplugins/smarty_internal_write_file.php 第 61 行.
INFO: Run Behavior\ParseTemplateBehavior [ RunTime:0.028063s ]
INFO: [ view_parse ] --END-- [ RunTime:0.028127s ]
INFO: [ view_filter ] --START--
INFO: Run Behavior\WriteHtmlCacheBehavior [ RunTime:0.000272s ]
INFO: [ view_filter ] --END-- [ RunTime:0.000313s ]
INFO: [ app_end ] --START--
INFO: Run Behavior\ShowPageTraceBehavior [ RunTime:0.000560s ]
INFO: [ app_end ] --END-- [ RunTime:0.000606s ]

[ 2017-03-10T17:19:44+08:00 ] 101.226.125.117 /index/index/weixin?code=021b3b9V1YMPIS0vEjcV1Gmj9V1b3b9k&state=STATE
INFO: [ app_init ] --START--
INFO: Run Behavior\BuildLiteBehavior [ RunTime:0.000016s ]
INFO: [ app_init ] --END-- [ RunTime:0.000371s ]
INFO: [ app_begin ] --START--
INFO: Run Behavior\ReadHtmlCacheBehavior [ RunTime:0.000564s ]
INFO: [ app_begin ] --END-- [ RunTime:0.000621s ]
SQL: SHOW COLUMNS FROM `t_article` [ RunTime:0.0019s ]
NOTIC: [8] Undefined index: openid /data/home/bxu2442600368/htdocs/Application/Index/Controller/IndexController.class.php 第 71 行.
NOTIC: [8] Use of undefined constant test - assumed 'test' /data/home/bxu2442600368/htdocs/Application/Index/Controller/IndexController.class.php 第 72 行.
INFO: [ view_parse ] --START--
INFO: Run Behavior\ParseTemplateBehavior [ RunTime:0.008656s ]
INFO: [ view_parse ] --END-- [ RunTime:0.008734s ]
INFO: [ view_filter ] --START--
INFO: Run Behavior\WriteHtmlCacheBehavior [ RunTime:0.000247s ]
INFO: [ view_filter ] --END-- [ RunTime:0.000283s ]
INFO: [ app_end ] --START--
INFO: Run Behavior\ShowPageTraceBehavior [ RunTime:0.000545s ]
INFO: [ app_end ] --END-- [ RunTime:0.000595s ]

[ 2017-03-10T17:20:09+08:00 ] 58.247.206.158 /index/index/weixin?signature=d88e845e76e72a2dc1eca1c0a55e2cec574cd088&timestamp=1489137610&nonce=1248809576&openid=oqdhFwPL7GwLTTplarU4DB5KXGuM
INFO: [ app_init ] --START--
INFO: Run Behavior\BuildLiteBehavior [ RunTime:0.000017s ]
INFO: [ app_init ] --END-- [ RunTime:0.000357s ]
INFO: [ app_begin ] --START--
INFO: Run Behavior\ReadHtmlCacheBehavior [ RunTime:0.000470s ]
INFO: [ app_begin ] --END-- [ RunTime:0.000533s ]
SQL: SHOW COLUMNS FROM `t_article` [ RunTime:0.0016s ]

[ 2017-03-10T17:20:09+08:00 ] 101.226.125.117 /index/index/weixin
INFO: [ app_init ] --START--
INFO: Run Behavior\BuildLiteBehavior [ RunTime:0.000020s ]
INFO: [ app_init ] --END-- [ RunTime:0.000374s ]
INFO: [ app_begin ] --START--
INFO: Run Behavior\ReadHtmlCacheBehavior [ RunTime:0.000498s ]
INFO: [ app_begin ] --END-- [ RunTime:0.000546s ]
SQL: SHOW COLUMNS FROM `t_article` [ RunTime:0.0015s ]

[ 2017-03-10T17:20:10+08:00 ] 101.226.125.117 /index/index/weixin?code=031kxqPL0vPmr629ZcSL0edIPL0kxqPb&state=STATE
INFO: [ app_init ] --START--
INFO: Run Behavior\BuildLiteBehavior [ RunTime:0.000034s ]
INFO: [ app_init ] --END-- [ RunTime:0.000373s ]
INFO: [ app_begin ] --START--
INFO: Run Behavior\ReadHtmlCacheBehavior [ RunTime:0.000463s ]
INFO: [ app_begin ] --END-- [ RunTime:0.000509s ]
SQL: SHOW COLUMNS FROM `t_article` [ RunTime:0.0018s ]
NOTIC: [8] Use of undefined constant test - assumed 'test' /data/home/bxu2442600368/htdocs/Application/Index/Controller/IndexController.class.php 第 72 行.
INFO: [ view_parse ] --START--
INFO: Run Behavior\ParseTemplateBehavior [ RunTime:0.008651s ]
INFO: [ view_parse ] --END-- [ RunTime:0.008711s ]
INFO: [ view_filter ] --START--
INFO: Run Behavior\WriteHtmlCacheBehavior [ RunTime:0.000262s ]
INFO: [ view_filter ] --END-- [ RunTime:0.000297s ]
NOTIC: [2] Cannot modify header information - headers already sent by (output started at /data/home/bxu2442600368/htdocs/Application/Index/Controller/IndexController.class.php:70) /data/home/bxu2442600368/htdocs/ThinkPHP/Library/Think/View.class.php 第 91 行.
NOTIC: [2] Cannot modify header information - headers already sent by (output started at /data/home/bxu2442600368/htdocs/Application/Index/Controller/IndexController.class.php:70) /data/home/bxu2442600368/htdocs/ThinkPHP/Library/Think/View.class.php 第 92 行.
NOTIC: [2] Cannot modify header information - headers already sent by (output started at /data/home/bxu2442600368/htdocs/Application/Index/Controller/IndexController.class.php:70) /data/home/bxu2442600368/htdocs/ThinkPHP/Library/Think/View.class.php 第 93 行.
INFO: [ app_end ] --START--
INFO: Run Behavior\ShowPageTraceBehavior [ RunTime:0.000502s ]
INFO: [ app_end ] --END-- [ RunTime:0.000545s ]

[ 2017-03-10T17:21:04+08:00 ] 58.247.206.148 /index/index/weixin?signature=93aeecb0698386b55493b52bc53c45c95f97026b&timestamp=1489137666&nonce=94325511&openid=oqdhFwPL7GwLTTplarU4DB5KXGuM
INFO: [ app_init ] --START--
INFO: Run Behavior\BuildLiteBehavior [ RunTime:0.000021s ]
INFO: [ app_init ] --END-- [ RunTime:0.000439s ]
INFO: [ app_begin ] --START--
INFO: Run Behavior\ReadHtmlCacheBehavior [ RunTime:0.000481s ]
INFO: [ app_begin ] --END-- [ RunTime:0.000553s ]
SQL: SHOW COLUMNS FROM `t_article` [ RunTime:0.0015s ]

[ 2017-03-10T17:21:04+08:00 ] 101.226.125.117 /index/index/weixin
INFO: [ app_init ] --START--
INFO: Run Behavior\BuildLiteBehavior [ RunTime:0.000017s ]
INFO: [ app_init ] --END-- [ RunTime:0.000392s ]
INFO: [ app_begin ] --START--
INFO: Run Behavior\ReadHtmlCacheBehavior [ RunTime:0.000567s ]
INFO: [ app_begin ] --END-- [ RunTime:0.000622s ]
SQL: SHOW COLUMNS FROM `t_article` [ RunTime:0.0016s ]

[ 2017-03-10T17:21:05+08:00 ] 101.226.125.117 /index/index/weixin?code=021b0k3K1DzMY80Ef22K12id3K1b0k3D&state=STATE
INFO: [ app_init ] --START--
INFO: Run Behavior\BuildLiteBehavior [ RunTime:0.000021s ]
INFO: [ app_init ] --END-- [ RunTime:0.000418s ]
INFO: [ app_begin ] --START--
INFO: Run Behavior\ReadHtmlCacheBehavior [ RunTime:0.000564s ]
INFO: [ app_begin ] --END-- [ RunTime:0.000638s ]
SQL: SHOW COLUMNS FROM `t_article` [ RunTime:0.0016s ]
NOTIC: [8] Use of undefined constant test - assumed 'test' /data/home/bxu2442600368/htdocs/Application/Index/Controller/IndexController.class.php 第 72 行.
INFO: [ view_parse ] --START--
INFO: Run Behavior\ParseTemplateBehavior [ RunTime:0.012524s ]
INFO: [ view_parse ] --END-- [ RunTime:0.012589s ]
INFO: [ view_filter ] --START--
INFO: Run Behavior\WriteHtmlCacheBehavior [ RunTime:0.000306s ]
INFO: [ view_filter ] --END-- [ RunTime:0.000342s ]
NOTIC: [2] Cannot modify header information - headers already sent by (output started at /data/home/bxu2442600368/htdocs/Application/Index/Controller/IndexController.class.php:71) /data/home/bxu2442600368/htdocs/ThinkPHP/Library/Think/View.class.php 第 91 行.
NOTIC: [2] Cannot modify header information - headers already sent by (output started at /data/home/bxu2442600368/htdocs/Application/Index/Controller/IndexController.class.php:71) /data/home/bxu2442600368/htdocs/ThinkPHP/Library/Think/View.class.php 第 92 行.
NOTIC: [2] Cannot modify header information - headers already sent by (output started at /data/home/bxu2442600368/htdocs/Application/Index/Controller/IndexController.class.php:71) /data/home/bxu2442600368/htdocs/ThinkPHP/Library/Think/View.class.php 第 93 行.
INFO: [ app_end ] --START--
INFO: Run Behavior\ShowPageTraceBehavior [ RunTime:0.000541s ]
INFO: [ app_end ] --END-- [ RunTime:0.000587s ]

[ 2017-03-10T17:40:20+08:00 ] 64.79.100.34 /
INFO: [ app_init ] --START--
INFO: Run Behavior\BuildLiteBehavior [ RunTime:0.000016s ]
INFO: [ app_init ] --END-- [ RunTime:0.000382s ]
INFO: [ app_begin ] --START--
INFO: Run Behavior\ReadHtmlCacheBehavior [ RunTime:0.000613s ]
INFO: [ app_begin ] --END-- [ RunTime:0.000689s ]
SQL: SHOW COLUMNS FROM `t_article` [ RunTime:0.0016s ]
SQL: SET NAMES utf8 [ RunTime:0.0011s ]
SQL:  select a.article_content,a.id,a.create_time,b.user_name from t_article as a join t_user as b on a.user_id=b.id  [ RunTime:0.0015s ]
INFO: [ view_parse ] --START--
NOTIC: [8] Undefined index: name /data/home/bxu2442600368/htdocs/Application/Runtime/Cache/1d6e4275ab557d5e1812a747d0737c7b837c4645.file.index.html.php 第 68 行.
NOTIC: [8] Undefined index: name /data/home/bxu2442600368/htdocs/Application/Runtime/Cache/1d6e4275ab557d5e1812a747d0737c7b837c4645.file.index.html.php 第 68 行.
NOTIC: [8] Undefined index: name /data/home/bxu2442600368/htdocs/Application/Runtime/Cache/1d6e4275ab557d5e1812a747d0737c7b837c4645.file.index.html.php 第 68 行.
INFO: Run Behavior\ParseTemplateBehavior [ RunTime:0.008845s ]
INFO: [ view_parse ] --END-- [ RunTime:0.008883s ]
INFO: [ view_filter ] --START--
INFO: Run Behavior\WriteHtmlCacheBehavior [ RunTime:0.000239s ]
INFO: [ view_filter ] --END-- [ RunTime:0.000271s ]
INFO: [ app_end ] --START--
INFO: Run Behavior\ShowPageTraceBehavior [ RunTime:0.000468s ]
INFO: [ app_end ] --END-- [ RunTime:0.000510s ]

[ 2017-03-10T17:40:21+08:00 ] 64.79.100.34 /
INFO: [ app_init ] --START--
INFO: Run Behavior\BuildLiteBehavior [ RunTime:0.000018s ]
INFO: [ app_init ] --END-- [ RunTime:0.000396s ]
INFO: [ app_begin ] --START--
INFO: Run Behavior\ReadHtmlCacheBehavior [ RunTime:0.000484s ]
INFO: [ app_begin ] --END-- [ RunTime:0.000531s ]
SQL: SHOW COLUMNS FROM `t_article` [ RunTime:0.0018s ]
SQL: SET NAMES utf8 [ RunTime:0.0013s ]
SQL:  select a.article_content,a.id,a.create_time,b.user_name from t_article as a join t_user as b on a.user_id=b.id  [ RunTime:0.0013s ]
INFO: [ view_parse ] --START--
NOTIC: [8] Undefined index: name /data/home/bxu2442600368/htdocs/Application/Runtime/Cache/1d6e4275ab557d5e1812a747d0737c7b837c4645.file.index.html.php 第 68 行.
NOTIC: [8] Undefined index: name /data/home/bxu2442600368/htdocs/Application/Runtime/Cache/1d6e4275ab557d5e1812a747d0737c7b837c4645.file.index.html.php 第 68 行.
NOTIC: [8] Undefined index: name /data/home/bxu2442600368/htdocs/Application/Runtime/Cache/1d6e4275ab557d5e1812a747d0737c7b837c4645.file.index.html.php 第 68 行.
INFO: Run Behavior\ParseTemplateBehavior [ RunTime:0.009186s ]
INFO: [ view_parse ] --END-- [ RunTime:0.009233s ]
INFO: [ view_filter ] --START--
INFO: Run Behavior\WriteHtmlCacheBehavior [ RunTime:0.000253s ]
INFO: [ view_filter ] --END-- [ RunTime:0.000286s ]
INFO: [ app_end ] --START--
INFO: Run Behavior\ShowPageTraceBehavior [ RunTime:0.000508s ]
INFO: [ app_end ] --END-- [ RunTime:0.000551s ]

[ 2017-03-10T17:40:53+08:00 ] 64.79.100.34 /index/index/index
INFO: [ app_init ] --START--
INFO: Run Behavior\BuildLiteBehavior [ RunTime:0.000017s ]
INFO: [ app_init ] --END-- [ RunTime:0.000376s ]
INFO: [ app_begin ] --START--
INFO: Run Behavior\ReadHtmlCacheBehavior [ RunTime:0.000577s ]
INFO: [ app_begin ] --END-- [ RunTime:0.000624s ]
SQL: SHOW COLUMNS FROM `t_article` [ RunTime:0.0016s ]
SQL: SET NAMES utf8 [ RunTime:0.0011s ]
SQL:  select a.article_content,a.id,a.create_time,b.user_name from t_article as a join t_user as b on a.user_id=b.id  [ RunTime:0.0012s ]
INFO: [ view_parse ] --START--
NOTIC: [8] Undefined index: name /data/home/bxu2442600368/htdocs/Application/Runtime/Cache/1d6e4275ab557d5e1812a747d0737c7b837c4645.file.index.html.php 第 68 行.
NOTIC: [8] Undefined index: name /data/home/bxu2442600368/htdocs/Application/Runtime/Cache/1d6e4275ab557d5e1812a747d0737c7b837c4645.file.index.html.php 第 68 行.
NOTIC: [8] Undefined index: name /data/home/bxu2442600368/htdocs/Application/Runtime/Cache/1d6e4275ab557d5e1812a747d0737c7b837c4645.file.index.html.php 第 68 行.
INFO: Run Behavior\ParseTemplateBehavior [ RunTime:0.008888s ]
INFO: [ view_parse ] --END-- [ RunTime:0.008926s ]
INFO: [ view_filter ] --START--
INFO: Run Behavior\WriteHtmlCacheBehavior [ RunTime:0.000238s ]
INFO: [ view_filter ] --END-- [ RunTime:0.000272s ]
INFO: [ app_end ] --START--
INFO: Run Behavior\ShowPageTraceBehavior [ RunTime:0.000473s ]
INFO: [ app_end ] --END-- [ RunTime:0.000518s ]

[ 2017-03-10T17:40:56+08:00 ] 64.79.100.34 /index/index/index
INFO: [ app_init ] --START--
INFO: Run Behavior\BuildLiteBehavior [ RunTime:0.000016s ]
INFO: [ app_init ] --END-- [ RunTime:0.000363s ]
INFO: [ app_begin ] --START--
INFO: Run Behavior\ReadHtmlCacheBehavior [ RunTime:0.000506s ]
INFO: [ app_begin ] --END-- [ RunTime:0.000552s ]
SQL: SHOW COLUMNS FROM `t_article` [ RunTime:0.0029s ]
SQL: SET NAMES utf8 [ RunTime:0.0011s ]
SQL:  select a.article_content,a.id,a.create_time,b.user_name from t_article as a join t_user as b on a.user_id=b.id  [ RunTime:0.0011s ]
INFO: [ view_parse ] --START--
NOTIC: [8] Undefined index: name /data/home/bxu2442600368/htdocs/Application/Runtime/Cache/1d6e4275ab557d5e1812a747d0737c7b837c4645.file.index.html.php 第 68 行.
NOTIC: [8] Undefined index: name /data/home/bxu2442600368/htdocs/Application/Runtime/Cache/1d6e4275ab557d5e1812a747d0737c7b837c4645.file.index.html.php 第 68 行.
NOTIC: [8] Undefined index: name /data/home/bxu2442600368/htdocs/Application/Runtime/Cache/1d6e4275ab557d5e1812a747d0737c7b837c4645.file.index.html.php 第 68 行.
INFO: Run Behavior\ParseTemplateBehavior [ RunTime:0.009261s ]
INFO: [ view_parse ] --END-- [ RunTime:0.009304s ]
INFO: [ view_filter ] --START--
INFO: Run Behavior\WriteHtmlCacheBehavior [ RunTime:0.000261s ]
INFO: [ view_filter ] --END-- [ RunTime:0.000297s ]
INFO: [ app_end ] --START--
INFO: Run Behavior\ShowPageTraceBehavior [ RunTime:0.000523s ]
INFO: [ app_end ] --END-- [ RunTime:0.000565s ]

[ 2017-03-10T20:02:22+08:00 ] 222.64.86.50 /
INFO: [ app_init ] --START--
INFO: Run Behavior\BuildLiteBehavior [ RunTime:0.000017s ]
INFO: [ app_init ] --END-- [ RunTime:0.000399s ]
INFO: [ app_begin ] --START--
INFO: Run Behavior\ReadHtmlCacheBehavior [ RunTime:0.000480s ]
INFO: [ app_begin ] --END-- [ RunTime:0.000526s ]
SQL: SHOW COLUMNS FROM `t_article` [ RunTime:0.0019s ]
SQL: SET NAMES utf8 [ RunTime:0.0011s ]
SQL:  select a.article_content,a.id,a.create_time,b.user_name from t_article as a join t_user as b on a.user_id=b.id  [ RunTime:0.0018s ]
INFO: [ view_parse ] --START--
NOTIC: [8] Undefined index: name /data/home/bxu2442600368/htdocs/Application/Runtime/Cache/1d6e4275ab557d5e1812a747d0737c7b837c4645.file.index.html.php 第 68 行.
NOTIC: [8] Undefined index: name /data/home/bxu2442600368/htdocs/Application/Runtime/Cache/1d6e4275ab557d5e1812a747d0737c7b837c4645.file.index.html.php 第 68 行.
NOTIC: [8] Undefined index: name /data/home/bxu2442600368/htdocs/Application/Runtime/Cache/1d6e4275ab557d5e1812a747d0737c7b837c4645.file.index.html.php 第 68 行.
INFO: Run Behavior\ParseTemplateBehavior [ RunTime:0.009498s ]
INFO: [ view_parse ] --END-- [ RunTime:0.009538s ]
INFO: [ view_filter ] --START--
INFO: Run Behavior\WriteHtmlCacheBehavior [ RunTime:0.000258s ]
INFO: [ view_filter ] --END-- [ RunTime:0.000291s ]
INFO: [ app_end ] --START--
INFO: Run Behavior\ShowPageTraceBehavior [ RunTime:0.000513s ]
INFO: [ app_end ] --END-- [ RunTime:0.000554s ]

[ 2017-03-10T20:02:22+08:00 ] 222.64.86.50 /
INFO: [ app_init ] --START--
INFO: Run Behavior\BuildLiteBehavior [ RunTime:0.000021s ]
INFO: [ app_init ] --END-- [ RunTime:0.000391s ]
INFO: [ app_begin ] --START--
INFO: Run Behavior\ReadHtmlCacheBehavior [ RunTime:0.000596s ]
INFO: [ app_begin ] --END-- [ RunTime:0.000655s ]
SQL: SHOW COLUMNS FROM `t_article` [ RunTime:0.0016s ]
SQL: SET NAMES utf8 [ RunTime:0.0009s ]
SQL:  select a.article_content,a.id,a.create_time,b.user_name from t_article as a join t_user as b on a.user_id=b.id  [ RunTime:0.0012s ]
INFO: [ view_parse ] --START--
NOTIC: [8] Undefined index: name /data/home/bxu2442600368/htdocs/Application/Runtime/Cache/1d6e4275ab557d5e1812a747d0737c7b837c4645.file.index.html.php 第 68 行.
NOTIC: [8] Undefined index: name /data/home/bxu2442600368/htdocs/Application/Runtime/Cache/1d6e4275ab557d5e1812a747d0737c7b837c4645.file.index.html.php 第 68 行.
NOTIC: [8] Undefined index: name /data/home/bxu2442600368/htdocs/Application/Runtime/Cache/1d6e4275ab557d5e1812a747d0737c7b837c4645.file.index.html.php 第 68 行.
INFO: Run Behavior\ParseTemplateBehavior [ RunTime:0.009125s ]
INFO: [ view_parse ] --END-- [ RunTime:0.009164s ]
INFO: [ view_filter ] --START--
INFO: Run Behavior\WriteHtmlCacheBehavior [ RunTime:0.000267s ]
INFO: [ view_filter ] --END-- [ RunTime:0.000302s ]
INFO: [ app_end ] --START--
INFO: Run Behavior\ShowPageTraceBehavior [ RunTime:0.000528s ]
INFO: [ app_end ] --END-- [ RunTime:0.000573s ]

